O:\wolfsonlab\FCollada\../lib\FCollada.lib
O:\wolfsonlab\FCollada\Output\Release Win32\FCollada\Intermediate\cl.command.1.tlog
O:\wolfsonlab\FCollada\Output\Release Win32\FCollada\Intermediate\CL.read.1.tlog
O:\wolfsonlab\FCollada\Output\Release Win32\FCollada\Intermediate\CL.write.1.tlog
O:\WOLFSONLAB\FCOLLADA\OUTPUT\RELEASE WIN32\FCOLLADA\INTERMEDIATE\DLLENTRY.OBJ
O:\WOLFSONLAB\FCOLLADA\OUTPUT\RELEASE WIN32\FCOLLADA\INTERMEDIATE\FCDANIMATED.OBJ
O:\WOLFSONLAB\FCOLLADA\OUTPUT\RELEASE WIN32\FCOLLADA\INTERMEDIATE\FCDANIMATION.OBJ
O:\WOLFSONLAB\FCOLLADA\OUTPUT\RELEASE WIN32\FCOLLADA\INTERMEDIATE\FCDANIMATIONCHANNEL.OBJ
O:\WOLFSONLAB\FCOLLADA\OUTPUT\RELEASE WIN32\FCOLLADA\INTERMEDIATE\FCDANIMATIONCLIP.OBJ
O:\WOLFSONLAB\FCOLLADA\OUTPUT\RELEASE WIN32\FCOLLADA\INTERMEDIATE\FCDANIMATIONCLIPTOOLS.OBJ
O:\WOLFSONLAB\FCOLLADA\OUTPUT\RELEASE WIN32\FCOLLADA\INTERMEDIATE\FCDANIMATIONCURVE.OBJ
O:\WOLFSONLAB\FCOLLADA\OUTPUT\RELEASE WIN32\FCOLLADA\INTERMEDIATE\FCDANIMATIONCURVETOOLS.OBJ
O:\WOLFSONLAB\FCOLLADA\OUTPUT\RELEASE WIN32\FCOLLADA\INTERMEDIATE\FCDANIMATIONKEY.OBJ
O:\WOLFSONLAB\FCOLLADA\OUTPUT\RELEASE WIN32\FCOLLADA\INTERMEDIATE\FCDANIMATIONMULTICURVE.OBJ
O:\WOLFSONLAB\FCOLLADA\OUTPUT\RELEASE WIN32\FCOLLADA\INTERMEDIATE\FCDASSET.OBJ
O:\WOLFSONLAB\FCOLLADA\OUTPUT\RELEASE WIN32\FCOLLADA\INTERMEDIATE\FCDCAMERA.OBJ
O:\WOLFSONLAB\FCOLLADA\OUTPUT\RELEASE WIN32\FCOLLADA\INTERMEDIATE\FCDCONTROLLER.OBJ
O:\WOLFSONLAB\FCOLLADA\OUTPUT\RELEASE WIN32\FCOLLADA\INTERMEDIATE\FCDCONTROLLERINSTANCE.OBJ
O:\WOLFSONLAB\FCOLLADA\OUTPUT\RELEASE WIN32\FCOLLADA\INTERMEDIATE\FCDCONTROLLERTOOLS.OBJ
O:\WOLFSONLAB\FCOLLADA\OUTPUT\RELEASE WIN32\FCOLLADA\INTERMEDIATE\FCDEFFECT.OBJ
O:\WOLFSONLAB\FCOLLADA\OUTPUT\RELEASE WIN32\FCOLLADA\INTERMEDIATE\FCDEFFECTCODE.OBJ
O:\WOLFSONLAB\FCOLLADA\OUTPUT\RELEASE WIN32\FCOLLADA\INTERMEDIATE\FCDEFFECTPARAMETER.OBJ
O:\WOLFSONLAB\FCOLLADA\OUTPUT\RELEASE WIN32\FCOLLADA\INTERMEDIATE\FCDEFFECTPARAMETERFACTORY.OBJ
O:\WOLFSONLAB\FCOLLADA\OUTPUT\RELEASE WIN32\FCOLLADA\INTERMEDIATE\FCDEFFECTPARAMETERSAMPLER.OBJ
O:\WOLFSONLAB\FCOLLADA\OUTPUT\RELEASE WIN32\FCOLLADA\INTERMEDIATE\FCDEFFECTPARAMETERSURFACE.OBJ
O:\WOLFSONLAB\FCOLLADA\OUTPUT\RELEASE WIN32\FCOLLADA\INTERMEDIATE\FCDEFFECTPASS.OBJ
O:\WOLFSONLAB\FCOLLADA\OUTPUT\RELEASE WIN32\FCOLLADA\INTERMEDIATE\FCDEFFECTPASSSHADER.OBJ
O:\WOLFSONLAB\FCOLLADA\OUTPUT\RELEASE WIN32\FCOLLADA\INTERMEDIATE\FCDEFFECTPASSSTATE.OBJ
O:\WOLFSONLAB\FCOLLADA\OUTPUT\RELEASE WIN32\FCOLLADA\INTERMEDIATE\FCDEFFECTPROFILE.OBJ
O:\WOLFSONLAB\FCOLLADA\OUTPUT\RELEASE WIN32\FCOLLADA\INTERMEDIATE\FCDEFFECTPROFILEFX.OBJ
O:\WOLFSONLAB\FCOLLADA\OUTPUT\RELEASE WIN32\FCOLLADA\INTERMEDIATE\FCDEFFECTSTANDARD.OBJ
O:\WOLFSONLAB\FCOLLADA\OUTPUT\RELEASE WIN32\FCOLLADA\INTERMEDIATE\FCDEFFECTTECHNIQUE.OBJ
O:\WOLFSONLAB\FCOLLADA\OUTPUT\RELEASE WIN32\FCOLLADA\INTERMEDIATE\FCDEFFECTTOOLS.OBJ
O:\WOLFSONLAB\FCOLLADA\OUTPUT\RELEASE WIN32\FCOLLADA\INTERMEDIATE\FCDEMITTER.OBJ
O:\WOLFSONLAB\FCOLLADA\OUTPUT\RELEASE WIN32\FCOLLADA\INTERMEDIATE\FCDEMITTERINSTANCE.OBJ
O:\WOLFSONLAB\FCOLLADA\OUTPUT\RELEASE WIN32\FCOLLADA\INTERMEDIATE\FCDEMITTEROBJECT.OBJ
O:\WOLFSONLAB\FCOLLADA\OUTPUT\RELEASE WIN32\FCOLLADA\INTERMEDIATE\FCDEMITTERPARTICLE.OBJ
O:\WOLFSONLAB\FCOLLADA\OUTPUT\RELEASE WIN32\FCOLLADA\INTERMEDIATE\FCDENTITY.OBJ
O:\WOLFSONLAB\FCOLLADA\OUTPUT\RELEASE WIN32\FCOLLADA\INTERMEDIATE\FCDENTITYINSTANCE.OBJ
O:\WOLFSONLAB\FCOLLADA\OUTPUT\RELEASE WIN32\FCOLLADA\INTERMEDIATE\FCDENTITYREFERENCE.OBJ
O:\WOLFSONLAB\FCOLLADA\OUTPUT\RELEASE WIN32\FCOLLADA\INTERMEDIATE\FCDEXTERNALREFERENCEMANAGER.OBJ
O:\WOLFSONLAB\FCOLLADA\OUTPUT\RELEASE WIN32\FCOLLADA\INTERMEDIATE\FCDEXTRA.OBJ
O:\WOLFSONLAB\FCOLLADA\OUTPUT\RELEASE WIN32\FCOLLADA\INTERMEDIATE\FCDFORCEDEFLECTOR.OBJ
O:\WOLFSONLAB\FCOLLADA\OUTPUT\RELEASE WIN32\FCOLLADA\INTERMEDIATE\FCDFORCEDRAG.OBJ
O:\WOLFSONLAB\FCOLLADA\OUTPUT\RELEASE WIN32\FCOLLADA\INTERMEDIATE\FCDFORCEFIELD.OBJ
O:\WOLFSONLAB\FCOLLADA\OUTPUT\RELEASE WIN32\FCOLLADA\INTERMEDIATE\FCDFORCEGRAVITY.OBJ
O:\WOLFSONLAB\FCOLLADA\OUTPUT\RELEASE WIN32\FCOLLADA\INTERMEDIATE\FCDFORCEPBOMB.OBJ
O:\WOLFSONLAB\FCOLLADA\OUTPUT\RELEASE WIN32\FCOLLADA\INTERMEDIATE\FCDFORCEWIND.OBJ
O:\WOLFSONLAB\FCOLLADA\OUTPUT\RELEASE WIN32\FCOLLADA\INTERMEDIATE\FCDGEOMETRY.OBJ
O:\WOLFSONLAB\FCOLLADA\OUTPUT\RELEASE WIN32\FCOLLADA\INTERMEDIATE\FCDGEOMETRYINSTANCE.OBJ
O:\WOLFSONLAB\FCOLLADA\OUTPUT\RELEASE WIN32\FCOLLADA\INTERMEDIATE\FCDGEOMETRYMESH.OBJ
O:\WOLFSONLAB\FCOLLADA\OUTPUT\RELEASE WIN32\FCOLLADA\INTERMEDIATE\FCDGEOMETRYNURBSSURFACE.OBJ
O:\WOLFSONLAB\FCOLLADA\OUTPUT\RELEASE WIN32\FCOLLADA\INTERMEDIATE\FCDGEOMETRYPOLYGONS.OBJ
O:\WOLFSONLAB\FCOLLADA\OUTPUT\RELEASE WIN32\FCOLLADA\INTERMEDIATE\FCDGEOMETRYPOLYGONSINPUT.OBJ
O:\WOLFSONLAB\FCOLLADA\OUTPUT\RELEASE WIN32\FCOLLADA\INTERMEDIATE\FCDGEOMETRYPOLYGONSTOOLS.OBJ
O:\WOLFSONLAB\FCOLLADA\OUTPUT\RELEASE WIN32\FCOLLADA\INTERMEDIATE\FCDGEOMETRYSOURCE.OBJ
O:\WOLFSONLAB\FCOLLADA\OUTPUT\RELEASE WIN32\FCOLLADA\INTERMEDIATE\FCDGEOMETRYSPLINE.OBJ
O:\WOLFSONLAB\FCOLLADA\OUTPUT\RELEASE WIN32\FCOLLADA\INTERMEDIATE\FCDIMAGE.OBJ
O:\WOLFSONLAB\FCOLLADA\OUTPUT\RELEASE WIN32\FCOLLADA\INTERMEDIATE\FCDLIBRARY.OBJ
O:\WOLFSONLAB\FCOLLADA\OUTPUT\RELEASE WIN32\FCOLLADA\INTERMEDIATE\FCDLIGHT.OBJ
O:\WOLFSONLAB\FCOLLADA\OUTPUT\RELEASE WIN32\FCOLLADA\INTERMEDIATE\FCDLIGHTTOOLS.OBJ
O:\WOLFSONLAB\FCOLLADA\OUTPUT\RELEASE WIN32\FCOLLADA\INTERMEDIATE\FCDMATERIAL.OBJ
O:\WOLFSONLAB\FCOLLADA\OUTPUT\RELEASE WIN32\FCOLLADA\INTERMEDIATE\FCDMATERIALINSTANCE.OBJ
O:\WOLFSONLAB\FCOLLADA\OUTPUT\RELEASE WIN32\FCOLLADA\INTERMEDIATE\FCDMORPHCONTROLLER.OBJ
O:\WOLFSONLAB\FCOLLADA\OUTPUT\RELEASE WIN32\FCOLLADA\INTERMEDIATE\FCDOBJECT.OBJ
O:\WOLFSONLAB\FCOLLADA\OUTPUT\RELEASE WIN32\FCOLLADA\INTERMEDIATE\FCDOBJECTWITHID.OBJ
O:\WOLFSONLAB\FCOLLADA\OUTPUT\RELEASE WIN32\FCOLLADA\INTERMEDIATE\FCDOCUMENT.OBJ
O:\WOLFSONLAB\FCOLLADA\OUTPUT\RELEASE WIN32\FCOLLADA\INTERMEDIATE\FCDOCUMENTTOOLS.OBJ
O:\WOLFSONLAB\FCOLLADA\OUTPUT\RELEASE WIN32\FCOLLADA\INTERMEDIATE\FCDPARAMETERANIMATABLE.OBJ
O:\WOLFSONLAB\FCOLLADA\OUTPUT\RELEASE WIN32\FCOLLADA\INTERMEDIATE\FCDPARTICLEMODIFIER.OBJ
O:\WOLFSONLAB\FCOLLADA\OUTPUT\RELEASE WIN32\FCOLLADA\INTERMEDIATE\FCDPHYSICSANALYTICALGEOMETRY.OBJ
O:\WOLFSONLAB\FCOLLADA\OUTPUT\RELEASE WIN32\FCOLLADA\INTERMEDIATE\FCDPHYSICSFORCEFIELDINSTANCE.OBJ
O:\WOLFSONLAB\FCOLLADA\OUTPUT\RELEASE WIN32\FCOLLADA\INTERMEDIATE\FCDPHYSICSMATERIAL.OBJ
O:\WOLFSONLAB\FCOLLADA\OUTPUT\RELEASE WIN32\FCOLLADA\INTERMEDIATE\FCDPHYSICSMODEL.OBJ
O:\WOLFSONLAB\FCOLLADA\OUTPUT\RELEASE WIN32\FCOLLADA\INTERMEDIATE\FCDPHYSICSMODELINSTANCE.OBJ
O:\WOLFSONLAB\FCOLLADA\OUTPUT\RELEASE WIN32\FCOLLADA\INTERMEDIATE\FCDPHYSICSRIGIDBODY.OBJ
O:\WOLFSONLAB\FCOLLADA\OUTPUT\RELEASE WIN32\FCOLLADA\INTERMEDIATE\FCDPHYSICSRIGIDBODYINSTANCE.OBJ
O:\WOLFSONLAB\FCOLLADA\OUTPUT\RELEASE WIN32\FCOLLADA\INTERMEDIATE\FCDPHYSICSRIGIDBODYPARAMETERS.OBJ
O:\WOLFSONLAB\FCOLLADA\OUTPUT\RELEASE WIN32\FCOLLADA\INTERMEDIATE\FCDPHYSICSRIGIDCONSTRAINT.OBJ
O:\WOLFSONLAB\FCOLLADA\OUTPUT\RELEASE WIN32\FCOLLADA\INTERMEDIATE\FCDPHYSICSRIGIDCONSTRAINTINSTANCE.OBJ
O:\WOLFSONLAB\FCOLLADA\OUTPUT\RELEASE WIN32\FCOLLADA\INTERMEDIATE\FCDPHYSICSSCENE.OBJ
O:\WOLFSONLAB\FCOLLADA\OUTPUT\RELEASE WIN32\FCOLLADA\INTERMEDIATE\FCDPHYSICSSHAPE.OBJ
O:\WOLFSONLAB\FCOLLADA\OUTPUT\RELEASE WIN32\FCOLLADA\INTERMEDIATE\FCDPLACEHOLDER.OBJ
O:\WOLFSONLAB\FCOLLADA\OUTPUT\RELEASE WIN32\FCOLLADA\INTERMEDIATE\FCDSCENENODE.OBJ
O:\WOLFSONLAB\FCOLLADA\OUTPUT\RELEASE WIN32\FCOLLADA\INTERMEDIATE\FCDSCENENODEITERATOR.OBJ
O:\WOLFSONLAB\FCOLLADA\OUTPUT\RELEASE WIN32\FCOLLADA\INTERMEDIATE\FCDSCENENODETOOLS.OBJ
O:\WOLFSONLAB\FCOLLADA\OUTPUT\RELEASE WIN32\FCOLLADA\INTERMEDIATE\FCDSKINCONTROLLER.OBJ
O:\WOLFSONLAB\FCOLLADA\OUTPUT\RELEASE WIN32\FCOLLADA\INTERMEDIATE\FCDTARGETEDENTITY.OBJ
O:\WOLFSONLAB\FCOLLADA\OUTPUT\RELEASE WIN32\FCOLLADA\INTERMEDIATE\FCDTEXTURE.OBJ
O:\WOLFSONLAB\FCOLLADA\OUTPUT\RELEASE WIN32\FCOLLADA\INTERMEDIATE\FCDTRANSFORM.OBJ
O:\WOLFSONLAB\FCOLLADA\OUTPUT\RELEASE WIN32\FCOLLADA\INTERMEDIATE\FCDVERSION.OBJ
O:\WOLFSONLAB\FCOLLADA\OUTPUT\RELEASE WIN32\FCOLLADA\INTERMEDIATE\FCOLLADA.OBJ
O:\WOLFSONLAB\FCOLLADA\OUTPUT\RELEASE WIN32\FCOLLADA\INTERMEDIATE\FCOLLADA.PCH
O:\wolfsonlab\FCollada\Output\Release Win32\FCollada\Intermediate\FCollada.write.1.tlog
O:\WOLFSONLAB\FCOLLADA\OUTPUT\RELEASE WIN32\FCOLLADA\INTERMEDIATE\FCOLLADAPLUGIN.OBJ
O:\WOLFSONLAB\FCOLLADA\OUTPUT\RELEASE WIN32\FCOLLADA\INTERMEDIATE\FMALLOCATOR.OBJ
O:\WOLFSONLAB\FCOLLADA\OUTPUT\RELEASE WIN32\FCOLLADA\INTERMEDIATE\FMANGLEAXIS.OBJ
O:\WOLFSONLAB\FCOLLADA\OUTPUT\RELEASE WIN32\FCOLLADA\INTERMEDIATE\FMARRAYTEST.OBJ
O:\WOLFSONLAB\FCOLLADA\OUTPUT\RELEASE WIN32\FCOLLADA\INTERMEDIATE\FMCOLOR.OBJ
O:\WOLFSONLAB\FCOLLADA\OUTPUT\RELEASE WIN32\FCOLLADA\INTERMEDIATE\FMINTERPOLATION.OBJ
O:\WOLFSONLAB\FCOLLADA\OUTPUT\RELEASE WIN32\FCOLLADA\INTERMEDIATE\FMLOOKAT.OBJ
O:\WOLFSONLAB\FCOLLADA\OUTPUT\RELEASE WIN32\FCOLLADA\INTERMEDIATE\FMMATRIX33.OBJ
O:\WOLFSONLAB\FCOLLADA\OUTPUT\RELEASE WIN32\FCOLLADA\INTERMEDIATE\FMMATRIX44.OBJ
O:\WOLFSONLAB\FCOLLADA\OUTPUT\RELEASE WIN32\FCOLLADA\INTERMEDIATE\FMQUATERNION.OBJ
O:\WOLFSONLAB\FCOLLADA\OUTPUT\RELEASE WIN32\FCOLLADA\INTERMEDIATE\FMQUATERNIONTEST.OBJ
O:\WOLFSONLAB\FCOLLADA\OUTPUT\RELEASE WIN32\FCOLLADA\INTERMEDIATE\FMRANDOM.OBJ
O:\WOLFSONLAB\FCOLLADA\OUTPUT\RELEASE WIN32\FCOLLADA\INTERMEDIATE\FMSKEW.OBJ
O:\WOLFSONLAB\FCOLLADA\OUTPUT\RELEASE WIN32\FCOLLADA\INTERMEDIATE\FMTREETEST.OBJ
O:\WOLFSONLAB\FCOLLADA\OUTPUT\RELEASE WIN32\FCOLLADA\INTERMEDIATE\FMVECTOR3.OBJ
O:\WOLFSONLAB\FCOLLADA\OUTPUT\RELEASE WIN32\FCOLLADA\INTERMEDIATE\FMVOLUME.OBJ
O:\WOLFSONLAB\FCOLLADA\OUTPUT\RELEASE WIN32\FCOLLADA\INTERMEDIATE\FUASSERT.OBJ
O:\WOLFSONLAB\FCOLLADA\OUTPUT\RELEASE WIN32\FCOLLADA\INTERMEDIATE\FUBASE64.OBJ
O:\WOLFSONLAB\FCOLLADA\OUTPUT\RELEASE WIN32\FCOLLADA\INTERMEDIATE\FUBOUNDINGBOX.OBJ
O:\WOLFSONLAB\FCOLLADA\OUTPUT\RELEASE WIN32\FCOLLADA\INTERMEDIATE\FUBOUNDINGSPHERE.OBJ
O:\WOLFSONLAB\FCOLLADA\OUTPUT\RELEASE WIN32\FCOLLADA\INTERMEDIATE\FUBOUNDINGTEST.OBJ
O:\WOLFSONLAB\FCOLLADA\OUTPUT\RELEASE WIN32\FCOLLADA\INTERMEDIATE\FUCRC32.OBJ
O:\WOLFSONLAB\FCOLLADA\OUTPUT\RELEASE WIN32\FCOLLADA\INTERMEDIATE\FUCRC32TEST.OBJ
O:\WOLFSONLAB\FCOLLADA\OUTPUT\RELEASE WIN32\FCOLLADA\INTERMEDIATE\FUCRITICALSECTION.OBJ
O:\WOLFSONLAB\FCOLLADA\OUTPUT\RELEASE WIN32\FCOLLADA\INTERMEDIATE\FUDAEENUM.OBJ
O:\WOLFSONLAB\FCOLLADA\OUTPUT\RELEASE WIN32\FCOLLADA\INTERMEDIATE\FUDATETIME.OBJ
O:\WOLFSONLAB\FCOLLADA\OUTPUT\RELEASE WIN32\FCOLLADA\INTERMEDIATE\FUDEBUG.OBJ
O:\WOLFSONLAB\FCOLLADA\OUTPUT\RELEASE WIN32\FCOLLADA\INTERMEDIATE\FUERROR.OBJ
O:\WOLFSONLAB\FCOLLADA\OUTPUT\RELEASE WIN32\FCOLLADA\INTERMEDIATE\FUERRORLOG.OBJ
O:\WOLFSONLAB\FCOLLADA\OUTPUT\RELEASE WIN32\FCOLLADA\INTERMEDIATE\FUEVENTTEST.OBJ
O:\WOLFSONLAB\FCOLLADA\OUTPUT\RELEASE WIN32\FCOLLADA\INTERMEDIATE\FUFILE.OBJ
O:\WOLFSONLAB\FCOLLADA\OUTPUT\RELEASE WIN32\FCOLLADA\INTERMEDIATE\FUFILEMANAGER.OBJ
O:\WOLFSONLAB\FCOLLADA\OUTPUT\RELEASE WIN32\FCOLLADA\INTERMEDIATE\FUFILEMANAGERTEST.OBJ
O:\WOLFSONLAB\FCOLLADA\OUTPUT\RELEASE WIN32\FCOLLADA\INTERMEDIATE\FUFUNCTORTEST.OBJ
O:\WOLFSONLAB\FCOLLADA\OUTPUT\RELEASE WIN32\FCOLLADA\INTERMEDIATE\FULOGFILE.OBJ
O:\WOLFSONLAB\FCOLLADA\OUTPUT\RELEASE WIN32\FCOLLADA\INTERMEDIATE\FUOBJECT.OBJ
O:\WOLFSONLAB\FCOLLADA\OUTPUT\RELEASE WIN32\FCOLLADA\INTERMEDIATE\FUOBJECTTEST.OBJ
O:\WOLFSONLAB\FCOLLADA\OUTPUT\RELEASE WIN32\FCOLLADA\INTERMEDIATE\FUOBJECTTYPE.OBJ
O:\WOLFSONLAB\FCOLLADA\OUTPUT\RELEASE WIN32\FCOLLADA\INTERMEDIATE\FUPARAMETER.OBJ
O:\WOLFSONLAB\FCOLLADA\OUTPUT\RELEASE WIN32\FCOLLADA\INTERMEDIATE\FUPARAMETERIZABLE.OBJ
O:\WOLFSONLAB\FCOLLADA\OUTPUT\RELEASE WIN32\FCOLLADA\INTERMEDIATE\FUPLUGINMANAGER.OBJ
O:\WOLFSONLAB\FCOLLADA\OUTPUT\RELEASE WIN32\FCOLLADA\INTERMEDIATE\FUSEMAPHORE.OBJ
O:\WOLFSONLAB\FCOLLADA\OUTPUT\RELEASE WIN32\FCOLLADA\INTERMEDIATE\FUSTRINGBUILDER.OBJ
O:\WOLFSONLAB\FCOLLADA\OUTPUT\RELEASE WIN32\FCOLLADA\INTERMEDIATE\FUSTRINGBUILDERTEST.OBJ
O:\WOLFSONLAB\FCOLLADA\OUTPUT\RELEASE WIN32\FCOLLADA\INTERMEDIATE\FUSTRINGCONVERSION.OBJ
O:\WOLFSONLAB\FCOLLADA\OUTPUT\RELEASE WIN32\FCOLLADA\INTERMEDIATE\FUSTRINGCONVERSIONTEST.OBJ
O:\WOLFSONLAB\FCOLLADA\OUTPUT\RELEASE WIN32\FCOLLADA\INTERMEDIATE\FUSTRINGTEST.OBJ
O:\WOLFSONLAB\FCOLLADA\OUTPUT\RELEASE WIN32\FCOLLADA\INTERMEDIATE\FUSYNCHRONIZABLEOBJECT.OBJ
O:\WOLFSONLAB\FCOLLADA\OUTPUT\RELEASE WIN32\FCOLLADA\INTERMEDIATE\FUTESTBED.OBJ
O:\WOLFSONLAB\FCOLLADA\OUTPUT\RELEASE WIN32\FCOLLADA\INTERMEDIATE\FUTHREAD.OBJ
O:\WOLFSONLAB\FCOLLADA\OUTPUT\RELEASE WIN32\FCOLLADA\INTERMEDIATE\FUTRACKER.OBJ
O:\WOLFSONLAB\FCOLLADA\OUTPUT\RELEASE WIN32\FCOLLADA\INTERMEDIATE\FUUNIQUESTRINGMAP.OBJ
O:\WOLFSONLAB\FCOLLADA\OUTPUT\RELEASE WIN32\FCOLLADA\INTERMEDIATE\FUUNIQUESTRINGMAPTEST.OBJ
O:\WOLFSONLAB\FCOLLADA\OUTPUT\RELEASE WIN32\FCOLLADA\INTERMEDIATE\FUURI.OBJ
O:\WOLFSONLAB\FCOLLADA\OUTPUT\RELEASE WIN32\FCOLLADA\INTERMEDIATE\FUXMLDOCUMENT.OBJ
O:\WOLFSONLAB\FCOLLADA\OUTPUT\RELEASE WIN32\FCOLLADA\INTERMEDIATE\FUXMLPARSER.OBJ
O:\WOLFSONLAB\FCOLLADA\OUTPUT\RELEASE WIN32\FCOLLADA\INTERMEDIATE\FUXMLWRITER.OBJ
O:\wolfsonlab\FCollada\Output\Release Win32\FCollada\Intermediate\lib.command.1.tlog
O:\wolfsonlab\FCollada\Output\Release Win32\FCollada\Intermediate\Lib.read.1.tlog
O:\wolfsonlab\FCollada\Output\Release Win32\FCollada\Intermediate\Lib-link.read.1.tlog
O:\wolfsonlab\FCollada\Output\Release Win32\FCollada\Intermediate\Lib-link.write.1.tlog
O:\WOLFSONLAB\FCOLLADA\OUTPUT\RELEASE WIN32\FCOLLADA\INTERMEDIATE\STDAFX.OBJ
O:\WOLFSONLAB\LIB\FCOLLADA.LIB
