O:\wolfsonlab\FCollada\LibXML\../../lib\LibXML.lib
O:\WOLFSONLAB\FCOLLADA\OUTPUT\RELEASE WIN32\LIBXML\INTERMEDIATE\C14N.OBJ
O:\WOLFSONLAB\FCOLLADA\OUTPUT\RELEASE WIN32\LIBXML\INTERMEDIATE\CATALOG.OBJ
O:\WOLFSONLAB\FCOLLADA\OUTPUT\RELEASE WIN32\LIBXML\INTERMEDIATE\CHVALID.OBJ
O:\wolfsonlab\FCollada\Output\Release Win32\LibXML\Intermediate\cl.command.1.tlog
O:\wolfsonlab\FCollada\Output\Release Win32\LibXML\Intermediate\CL.read.1.tlog
O:\wolfsonlab\FCollada\Output\Release Win32\LibXML\Intermediate\CL.write.1.tlog
O:\WOLFSONLAB\FCOLLADA\OUTPUT\RELEASE WIN32\LIBXML\INTERMEDIATE\DEBUGXML.OBJ
O:\WOLFSONLAB\FCOLLADA\OUTPUT\RELEASE WIN32\LIBXML\INTERMEDIATE\DICT.OBJ
O:\WOLFSONLAB\FCOLLADA\OUTPUT\RELEASE WIN32\LIBXML\INTERMEDIATE\DOCBPARSER.OBJ
O:\WOLFSONLAB\FCOLLADA\OUTPUT\RELEASE WIN32\LIBXML\INTERMEDIATE\ENCODING.OBJ
O:\WOLFSONLAB\FCOLLADA\OUTPUT\RELEASE WIN32\LIBXML\INTERMEDIATE\ENTITIES.OBJ
O:\WOLFSONLAB\FCOLLADA\OUTPUT\RELEASE WIN32\LIBXML\INTERMEDIATE\ERROR.OBJ
O:\WOLFSONLAB\FCOLLADA\OUTPUT\RELEASE WIN32\LIBXML\INTERMEDIATE\GLOBALS.OBJ
O:\WOLFSONLAB\FCOLLADA\OUTPUT\RELEASE WIN32\LIBXML\INTERMEDIATE\HASH.OBJ
O:\WOLFSONLAB\FCOLLADA\OUTPUT\RELEASE WIN32\LIBXML\INTERMEDIATE\HTMLPARSER.OBJ
O:\WOLFSONLAB\FCOLLADA\OUTPUT\RELEASE WIN32\LIBXML\INTERMEDIATE\HTMLTREE.OBJ
O:\WOLFSONLAB\FCOLLADA\OUTPUT\RELEASE WIN32\LIBXML\INTERMEDIATE\LEGACY.OBJ
O:\wolfsonlab\FCollada\Output\Release Win32\LibXML\Intermediate\lib.command.1.tlog
O:\wolfsonlab\FCollada\Output\Release Win32\LibXML\Intermediate\Lib.read.1.tlog
O:\wolfsonlab\FCollada\Output\Release Win32\LibXML\Intermediate\Lib-link.read.1.tlog
O:\wolfsonlab\FCollada\Output\Release Win32\LibXML\Intermediate\Lib-link.write.1.tlog
O:\WOLFSONLAB\FCOLLADA\OUTPUT\RELEASE WIN32\LIBXML\INTERMEDIATE\LIST.OBJ
O:\WOLFSONLAB\FCOLLADA\OUTPUT\RELEASE WIN32\LIBXML\INTERMEDIATE\NANOFTP.OBJ
O:\WOLFSONLAB\FCOLLADA\OUTPUT\RELEASE WIN32\LIBXML\INTERMEDIATE\NANOHTTP.OBJ
O:\WOLFSONLAB\FCOLLADA\OUTPUT\RELEASE WIN32\LIBXML\INTERMEDIATE\PARSER.OBJ
O:\WOLFSONLAB\FCOLLADA\OUTPUT\RELEASE WIN32\LIBXML\INTERMEDIATE\PARSERINTERNALS.OBJ
O:\WOLFSONLAB\FCOLLADA\OUTPUT\RELEASE WIN32\LIBXML\INTERMEDIATE\PATTERN.OBJ
O:\WOLFSONLAB\FCOLLADA\OUTPUT\RELEASE WIN32\LIBXML\INTERMEDIATE\RELAXNG.OBJ
O:\WOLFSONLAB\FCOLLADA\OUTPUT\RELEASE WIN32\LIBXML\INTERMEDIATE\SAX.OBJ
O:\WOLFSONLAB\FCOLLADA\OUTPUT\RELEASE WIN32\LIBXML\INTERMEDIATE\SAX2.OBJ
O:\WOLFSONLAB\FCOLLADA\OUTPUT\RELEASE WIN32\LIBXML\INTERMEDIATE\THREADS.OBJ
O:\WOLFSONLAB\FCOLLADA\OUTPUT\RELEASE WIN32\LIBXML\INTERMEDIATE\TREE.OBJ
O:\WOLFSONLAB\FCOLLADA\OUTPUT\RELEASE WIN32\LIBXML\INTERMEDIATE\URI.OBJ
O:\WOLFSONLAB\FCOLLADA\OUTPUT\RELEASE WIN32\LIBXML\INTERMEDIATE\VALID.OBJ
O:\WOLFSONLAB\FCOLLADA\OUTPUT\RELEASE WIN32\LIBXML\INTERMEDIATE\XINCLUDE.OBJ
O:\WOLFSONLAB\FCOLLADA\OUTPUT\RELEASE WIN32\LIBXML\INTERMEDIATE\XLINK.OBJ
O:\WOLFSONLAB\FCOLLADA\OUTPUT\RELEASE WIN32\LIBXML\INTERMEDIATE\XMLCATALOG.OBJ
O:\WOLFSONLAB\FCOLLADA\OUTPUT\RELEASE WIN32\LIBXML\INTERMEDIATE\XMLIO.OBJ
O:\WOLFSONLAB\FCOLLADA\OUTPUT\RELEASE WIN32\LIBXML\INTERMEDIATE\XMLMEMORY.OBJ
O:\WOLFSONLAB\FCOLLADA\OUTPUT\RELEASE WIN32\LIBXML\INTERMEDIATE\XMLMODULE.OBJ
O:\WOLFSONLAB\FCOLLADA\OUTPUT\RELEASE WIN32\LIBXML\INTERMEDIATE\XMLREADER.OBJ
O:\WOLFSONLAB\FCOLLADA\OUTPUT\RELEASE WIN32\LIBXML\INTERMEDIATE\XMLREGEXP.OBJ
O:\WOLFSONLAB\FCOLLADA\OUTPUT\RELEASE WIN32\LIBXML\INTERMEDIATE\XMLSAVE.OBJ
O:\WOLFSONLAB\FCOLLADA\OUTPUT\RELEASE WIN32\LIBXML\INTERMEDIATE\XMLSTRING.OBJ
O:\WOLFSONLAB\FCOLLADA\OUTPUT\RELEASE WIN32\LIBXML\INTERMEDIATE\XMLUNICODE.OBJ
O:\WOLFSONLAB\FCOLLADA\OUTPUT\RELEASE WIN32\LIBXML\INTERMEDIATE\XMLWRITER.OBJ
O:\WOLFSONLAB\LIB\LIBXML.LIB
