c:\users\keti-sparrow\documents\wolfsenlab_point\multinode3\hologramrealtime_multinode\model\build\x64\release\sync_gpu_memory.obj
c:\users\keti-sparrow\documents\wolfsenlab_point\multinode3\hologramrealtime_multinode\model\build\x64\release\rel_mem_manager.obj
c:\users\keti-sparrow\documents\wolfsenlab_point\multinode3\hologramrealtime_multinode\model\build\x64\release\quaternion.obj
c:\users\keti-sparrow\documents\wolfsenlab_point\multinode3\hologramrealtime_multinode\model\build\x64\release\memmanager.obj
c:\users\keti-sparrow\documents\wolfsenlab_point\multinode3\hologramrealtime_multinode\model\build\x64\release\matrix4.obj
c:\users\keti-sparrow\documents\wolfsenlab_point\multinode3\hologramrealtime_multinode\model\build\x64\release\kernel.obj
c:\users\keti-sparrow\documents\wolfsenlab_point\multinode3\hologramrealtime_multinode\model\build\x64\release\importedmodel.obj
c:\users\keti-sparrow\documents\wolfsenlab_point\multinode3\hologramrealtime_multinode\model\build\x64\release\graphicsscene.obj
c:\users\keti-sparrow\documents\wolfsenlab_point\multinode3\hologramrealtime_multinode\model\build\x64\release\gframe.obj
c:\users\keti-sparrow\documents\wolfsenlab_point\multinode3\hologramrealtime_multinode\model\build\x64\release\colladaload.obj
c:\users\keti-sparrow\documents\wolfsenlab_point\multinode3\hologramrealtime_multinode\model\build\x64\release\animtransform.obj
c:\users\keti-sparrow\documents\wolfsenlab_point\multinode3\hologramrealtime_multinode\model\build\x64\release\animcharacter.obj
c:\users\keti-sparrow\documents\wolfsenlab_point\multinode3\hologramrealtime_multinode\model\build\x64\release\animationkey.obj
c:\users\keti-sparrow\documents\wolfsenlab_point\multinode3\hologramrealtime_multinode\model\build\x64\release\animationcurve.obj
c:\users\keti-sparrow\documents\wolfsenlab_point\multinode3\hologramrealtime_multinode\model\build\x64\release\animationclip.obj
c:\users\keti-sparrow\documents\wolfsenlab_point\multinode3\hologramrealtime_multinode\model\build\x64\release\animationchannel.obj
c:\users\keti-sparrow\documents\wolfsenlab_point\multinode3\hologramrealtime_multinode\model\build\x64\release\animation.obj
c:\users\keti-sparrow\documents\wolfsenlab_point\multinode3\hologramrealtime_multinode\lib\model.lib
c:\users\keti-sparrow\documents\wolfsenlab_point\multinode3\hologramrealtime_multinode\holograminteractive\..\lib\model.lib
c:\users\keti-sparrow\documents\wolfsenlab_point\multinode3\hologramrealtime_multinode\model\build\x64\release\model.tlog\cl.command.1.tlog
c:\users\keti-sparrow\documents\wolfsenlab_point\multinode3\hologramrealtime_multinode\model\build\x64\release\model.tlog\cl.read.1.tlog
c:\users\keti-sparrow\documents\wolfsenlab_point\multinode3\hologramrealtime_multinode\model\build\x64\release\model.tlog\cl.write.1.tlog
c:\users\keti-sparrow\documents\wolfsenlab_point\multinode3\hologramrealtime_multinode\model\build\x64\release\model.tlog\lib-link.read.1.tlog
c:\users\keti-sparrow\documents\wolfsenlab_point\multinode3\hologramrealtime_multinode\model\build\x64\release\model.tlog\lib-link.write.1.tlog
c:\users\keti-sparrow\documents\wolfsenlab_point\multinode3\hologramrealtime_multinode\model\build\x64\release\model.tlog\lib.command.1.tlog
