c:\users\keti-sparrow\documents\wolfsenlab_point\multinode3\hologramrealtime_multinode\fcollada\output\release x64\fcollada\intermediate\fcollada.pch
c:\users\keti-sparrow\documents\wolfsenlab_point\multinode3\hologramrealtime_multinode\fcollada\output\release x64\fcollada\intermediate\stdafx.obj
c:\users\keti-sparrow\documents\wolfsenlab_point\multinode3\hologramrealtime_multinode\fcollada\output\release x64\fcollada\intermediate\fuassert.obj
c:\users\keti-sparrow\documents\wolfsenlab_point\multinode3\hologramrealtime_multinode\fcollada\output\release x64\fcollada\intermediate\fucrc32test.obj
c:\users\keti-sparrow\documents\wolfsenlab_point\multinode3\hologramrealtime_multinode\fcollada\output\release x64\fcollada\intermediate\fucrc32.obj
c:\users\keti-sparrow\documents\wolfsenlab_point\multinode3\hologramrealtime_multinode\fcollada\output\release x64\fcollada\intermediate\fuuri.obj
c:\users\keti-sparrow\documents\wolfsenlab_point\multinode3\hologramrealtime_multinode\fcollada\output\release x64\fcollada\intermediate\fudaeenum.obj
c:\users\keti-sparrow\documents\wolfsenlab_point\multinode3\hologramrealtime_multinode\fcollada\output\release x64\fcollada\intermediate\fmquaterniontest.obj
c:\users\keti-sparrow\documents\wolfsenlab_point\multinode3\hologramrealtime_multinode\fcollada\output\release x64\fcollada\intermediate\fmquaternion.obj
c:\users\keti-sparrow\documents\wolfsenlab_point\multinode3\hologramrealtime_multinode\fcollada\output\release x64\fcollada\intermediate\fmmatrix44.obj
c:\users\keti-sparrow\documents\wolfsenlab_point\multinode3\hologramrealtime_multinode\fcollada\output\release x64\fcollada\intermediate\fmmatrix33.obj
c:\users\keti-sparrow\documents\wolfsenlab_point\multinode3\hologramrealtime_multinode\fcollada\output\release x64\fcollada\intermediate\fmskew.obj
c:\users\keti-sparrow\documents\wolfsenlab_point\multinode3\hologramrealtime_multinode\fcollada\output\release x64\fcollada\intermediate\fmlookat.obj
c:\users\keti-sparrow\documents\wolfsenlab_point\multinode3\hologramrealtime_multinode\fcollada\output\release x64\fcollada\intermediate\fmangleaxis.obj
c:\users\keti-sparrow\documents\wolfsenlab_point\multinode3\hologramrealtime_multinode\fcollada\output\release x64\fcollada\intermediate\fmvolume.obj
c:\users\keti-sparrow\documents\wolfsenlab_point\multinode3\hologramrealtime_multinode\fcollada\output\release x64\fcollada\intermediate\fmvector3.obj
c:\users\keti-sparrow\documents\wolfsenlab_point\multinode3\hologramrealtime_multinode\fcollada\output\release x64\fcollada\intermediate\fmrandom.obj
c:\users\keti-sparrow\documents\wolfsenlab_point\multinode3\hologramrealtime_multinode\fcollada\output\release x64\fcollada\intermediate\fminterpolation.obj
c:\users\keti-sparrow\documents\wolfsenlab_point\multinode3\hologramrealtime_multinode\fcollada\output\release x64\fcollada\intermediate\fmcolor.obj
c:\users\keti-sparrow\documents\wolfsenlab_point\multinode3\hologramrealtime_multinode\fcollada\output\release x64\fcollada\intermediate\fmtreetest.obj
c:\users\keti-sparrow\documents\wolfsenlab_point\multinode3\hologramrealtime_multinode\fcollada\output\release x64\fcollada\intermediate\fmarraytest.obj
c:\users\keti-sparrow\documents\wolfsenlab_point\multinode3\hologramrealtime_multinode\fcollada\output\release x64\fcollada\intermediate\fmallocator.obj
c:\users\keti-sparrow\documents\wolfsenlab_point\multinode3\hologramrealtime_multinode\fcollada\output\release x64\fcollada\intermediate\fustringtest.obj
c:\users\keti-sparrow\documents\wolfsenlab_point\multinode3\hologramrealtime_multinode\fcollada\output\release x64\fcollada\intermediate\fustringconversiontest.obj
c:\users\keti-sparrow\documents\wolfsenlab_point\multinode3\hologramrealtime_multinode\fcollada\output\release x64\fcollada\intermediate\fustringconversion.obj
c:\users\keti-sparrow\documents\wolfsenlab_point\multinode3\hologramrealtime_multinode\fcollada\output\release x64\fcollada\intermediate\fustringbuildertest.obj
c:\users\keti-sparrow\documents\wolfsenlab_point\multinode3\hologramrealtime_multinode\fcollada\output\release x64\fcollada\intermediate\fustringbuilder.obj
c:\users\keti-sparrow\documents\wolfsenlab_point\multinode3\hologramrealtime_multinode\fcollada\output\release x64\fcollada\intermediate\futracker.obj
c:\users\keti-sparrow\documents\wolfsenlab_point\multinode3\hologramrealtime_multinode\fcollada\output\release x64\fcollada\intermediate\fuparameterizable.obj
c:\users\keti-sparrow\documents\wolfsenlab_point\multinode3\hologramrealtime_multinode\fcollada\output\release x64\fcollada\intermediate\fuobjecttype.obj
c:\users\keti-sparrow\documents\wolfsenlab_point\multinode3\hologramrealtime_multinode\fcollada\output\release x64\fcollada\intermediate\fuobjecttest.obj
c:\users\keti-sparrow\documents\wolfsenlab_point\multinode3\hologramrealtime_multinode\fcollada\output\release x64\fcollada\intermediate\fuobject.obj
c:\users\keti-sparrow\documents\wolfsenlab_point\multinode3\hologramrealtime_multinode\fcollada\output\release x64\fcollada\intermediate\fufunctortest.obj
c:\users\keti-sparrow\documents\wolfsenlab_point\multinode3\hologramrealtime_multinode\fcollada\output\release x64\fcollada\intermediate\fueventtest.obj
c:\users\keti-sparrow\documents\wolfsenlab_point\multinode3\hologramrealtime_multinode\fcollada\output\release x64\fcollada\intermediate\fuparameter.obj
c:\users\keti-sparrow\documents\wolfsenlab_point\multinode3\hologramrealtime_multinode\fcollada\output\release x64\fcollada\intermediate\fulogfile.obj
c:\users\keti-sparrow\documents\wolfsenlab_point\multinode3\hologramrealtime_multinode\fcollada\output\release x64\fcollada\intermediate\fufilemanagertest.obj
c:\users\keti-sparrow\documents\wolfsenlab_point\multinode3\hologramrealtime_multinode\fcollada\output\release x64\fcollada\intermediate\fufilemanager.obj
c:\users\keti-sparrow\documents\wolfsenlab_point\multinode3\hologramrealtime_multinode\fcollada\output\release x64\fcollada\intermediate\fufile.obj
c:\users\keti-sparrow\documents\wolfsenlab_point\multinode3\hologramrealtime_multinode\fcollada\output\release x64\fcollada\intermediate\fupluginmanager.obj
c:\users\keti-sparrow\documents\wolfsenlab_point\multinode3\hologramrealtime_multinode\fcollada\output\release x64\fcollada\intermediate\futestbed.obj
c:\users\keti-sparrow\documents\wolfsenlab_point\multinode3\hologramrealtime_multinode\fcollada\output\release x64\fcollada\intermediate\fudebug.obj
c:\users\keti-sparrow\documents\wolfsenlab_point\multinode3\hologramrealtime_multinode\fcollada\output\release x64\fcollada\intermediate\fcdgeometryinstance.obj
c:\users\keti-sparrow\documents\wolfsenlab_point\multinode3\hologramrealtime_multinode\fcollada\output\release x64\fcollada\intermediate\fcdentityinstance.obj
c:\users\keti-sparrow\documents\wolfsenlab_point\multinode3\hologramrealtime_multinode\fcollada\output\release x64\fcollada\intermediate\fcdemitterinstance.obj
c:\users\keti-sparrow\documents\wolfsenlab_point\multinode3\hologramrealtime_multinode\fcollada\output\release x64\fcollada\intermediate\fcdcontrollerinstance.obj
c:\users\keti-sparrow\documents\wolfsenlab_point\multinode3\hologramrealtime_multinode\fcollada\output\release x64\fcollada\intermediate\futhread.obj
c:\users\keti-sparrow\documents\wolfsenlab_point\multinode3\hologramrealtime_multinode\fcollada\output\release x64\fcollada\intermediate\fusynchronizableobject.obj
c:\users\keti-sparrow\documents\wolfsenlab_point\multinode3\hologramrealtime_multinode\fcollada\output\release x64\fcollada\intermediate\fusemaphore.obj
c:\users\keti-sparrow\documents\wolfsenlab_point\multinode3\hologramrealtime_multinode\fcollada\output\release x64\fcollada\intermediate\fucriticalsection.obj
c:\users\keti-sparrow\documents\wolfsenlab_point\multinode3\hologramrealtime_multinode\fcollada\output\release x64\fcollada\intermediate\fubase64.obj
c:\users\keti-sparrow\documents\wolfsenlab_point\multinode3\hologramrealtime_multinode\fcollada\output\release x64\fcollada\intermediate\fuxmlwriter.obj
c:\users\keti-sparrow\documents\wolfsenlab_point\multinode3\hologramrealtime_multinode\fcollada\output\release x64\fcollada\intermediate\fuxmlparser.obj
c:\users\keti-sparrow\documents\wolfsenlab_point\multinode3\hologramrealtime_multinode\fcollada\output\release x64\fcollada\intermediate\fuxmldocument.obj
c:\users\keti-sparrow\documents\wolfsenlab_point\multinode3\hologramrealtime_multinode\fcollada\output\release x64\fcollada\intermediate\fuerrorlog.obj
c:\users\keti-sparrow\documents\wolfsenlab_point\multinode3\hologramrealtime_multinode\fcollada\output\release x64\fcollada\intermediate\fuerror.obj
c:\users\keti-sparrow\documents\wolfsenlab_point\multinode3\hologramrealtime_multinode\fcollada\output\release x64\fcollada\intermediate\fudatetime.obj
c:\users\keti-sparrow\documents\wolfsenlab_point\multinode3\hologramrealtime_multinode\fcollada\output\release x64\fcollada\intermediate\fuboundingtest.obj
c:\users\keti-sparrow\documents\wolfsenlab_point\multinode3\hologramrealtime_multinode\fcollada\output\release x64\fcollada\intermediate\fuboundingsphere.obj
c:\users\keti-sparrow\documents\wolfsenlab_point\multinode3\hologramrealtime_multinode\fcollada\output\release x64\fcollada\intermediate\fuboundingbox.obj
c:\users\keti-sparrow\documents\wolfsenlab_point\multinode3\hologramrealtime_multinode\fcollada\output\release x64\fcollada\intermediate\fuuniquestringmaptest.obj
c:\users\keti-sparrow\documents\wolfsenlab_point\multinode3\hologramrealtime_multinode\fcollada\output\release x64\fcollada\intermediate\fuuniquestringmap.obj
c:\users\keti-sparrow\documents\wolfsenlab_point\multinode3\hologramrealtime_multinode\fcollada\output\release x64\fcollada\intermediate\fcdgeometrypolygons.obj
c:\users\keti-sparrow\documents\wolfsenlab_point\multinode3\hologramrealtime_multinode\fcollada\output\release x64\fcollada\intermediate\fcdgeometrynurbssurface.obj
c:\users\keti-sparrow\documents\wolfsenlab_point\multinode3\hologramrealtime_multinode\fcollada\output\release x64\fcollada\intermediate\fcdgeometrymesh.obj
c:\users\keti-sparrow\documents\wolfsenlab_point\multinode3\hologramrealtime_multinode\fcollada\output\release x64\fcollada\intermediate\fcdgeometry.obj
c:\users\keti-sparrow\documents\wolfsenlab_point\multinode3\hologramrealtime_multinode\fcollada\output\release x64\fcollada\intermediate\fcdparameteranimatable.obj
c:\users\keti-sparrow\documents\wolfsenlab_point\multinode3\hologramrealtime_multinode\fcollada\output\release x64\fcollada\intermediate\fcdanimated.obj
c:\users\keti-sparrow\documents\wolfsenlab_point\multinode3\hologramrealtime_multinode\fcollada\output\release x64\fcollada\intermediate\fcdanimationmulticurve.obj
c:\users\keti-sparrow\documents\wolfsenlab_point\multinode3\hologramrealtime_multinode\fcollada\output\release x64\fcollada\intermediate\fcdanimationkey.obj
c:\users\keti-sparrow\documents\wolfsenlab_point\multinode3\hologramrealtime_multinode\fcollada\output\release x64\fcollada\intermediate\fcdanimationcurvetools.obj
c:\users\keti-sparrow\documents\wolfsenlab_point\multinode3\hologramrealtime_multinode\fcollada\output\release x64\fcollada\intermediate\fcdanimationcurve.obj
c:\users\keti-sparrow\documents\wolfsenlab_point\multinode3\hologramrealtime_multinode\fcollada\output\release x64\fcollada\intermediate\fcdanimationcliptools.obj
c:\users\keti-sparrow\documents\wolfsenlab_point\multinode3\hologramrealtime_multinode\fcollada\output\release x64\fcollada\intermediate\fcdanimationclip.obj
c:\users\keti-sparrow\documents\wolfsenlab_point\multinode3\hologramrealtime_multinode\fcollada\output\release x64\fcollada\intermediate\fcdanimationchannel.obj
c:\users\keti-sparrow\documents\wolfsenlab_point\multinode3\hologramrealtime_multinode\fcollada\output\release x64\fcollada\intermediate\fcdanimation.obj
c:\users\keti-sparrow\documents\wolfsenlab_point\multinode3\hologramrealtime_multinode\fcollada\output\release x64\fcollada\intermediate\fcdlibrary.obj
c:\users\keti-sparrow\documents\wolfsenlab_point\multinode3\hologramrealtime_multinode\fcollada\output\release x64\fcollada\intermediate\fcdphysicsrigidconstraintinstance.obj
c:\users\keti-sparrow\documents\wolfsenlab_point\multinode3\hologramrealtime_multinode\fcollada\output\release x64\fcollada\intermediate\fcdphysicsrigidbodyinstance.obj
c:\users\keti-sparrow\documents\wolfsenlab_point\multinode3\hologramrealtime_multinode\fcollada\output\release x64\fcollada\intermediate\fcdphysicsmodelinstance.obj
c:\users\keti-sparrow\documents\wolfsenlab_point\multinode3\hologramrealtime_multinode\fcollada\output\release x64\fcollada\intermediate\fcdphysicsforcefieldinstance.obj
c:\users\keti-sparrow\documents\wolfsenlab_point\multinode3\hologramrealtime_multinode\fcollada\output\release x64\fcollada\intermediate\fcdmaterialinstance.obj
c:\users\keti-sparrow\documents\wolfsenlab_point\multinode3\hologramrealtime_multinode\fcollada\output\release x64\fcollada\intermediate\fcdimage.obj
c:\users\keti-sparrow\documents\wolfsenlab_point\multinode3\hologramrealtime_multinode\fcollada\output\release x64\fcollada\intermediate\fcdeffecttools.obj
c:\users\keti-sparrow\documents\wolfsenlab_point\multinode3\hologramrealtime_multinode\fcollada\output\release x64\fcollada\intermediate\fcdeffecttechnique.obj
c:\users\keti-sparrow\documents\wolfsenlab_point\multinode3\hologramrealtime_multinode\fcollada\output\release x64\fcollada\intermediate\fcdeffectstandard.obj
c:\users\keti-sparrow\documents\wolfsenlab_point\multinode3\hologramrealtime_multinode\fcollada\output\release x64\fcollada\intermediate\fcdeffectprofilefx.obj
c:\users\keti-sparrow\documents\wolfsenlab_point\multinode3\hologramrealtime_multinode\fcollada\output\release x64\fcollada\intermediate\fcdeffectprofile.obj
c:\users\keti-sparrow\documents\wolfsenlab_point\multinode3\hologramrealtime_multinode\fcollada\output\release x64\fcollada\intermediate\fcdeffectpassstate.obj
c:\users\keti-sparrow\documents\wolfsenlab_point\multinode3\hologramrealtime_multinode\fcollada\output\release x64\fcollada\intermediate\fcdeffectpassshader.obj
c:\users\keti-sparrow\documents\wolfsenlab_point\multinode3\hologramrealtime_multinode\fcollada\output\release x64\fcollada\intermediate\fcdeffectpass.obj
c:\users\keti-sparrow\documents\wolfsenlab_point\multinode3\hologramrealtime_multinode\fcollada\output\release x64\fcollada\intermediate\fcdeffectparametersurface.obj
c:\users\keti-sparrow\documents\wolfsenlab_point\multinode3\hologramrealtime_multinode\fcollada\output\release x64\fcollada\intermediate\fcdeffectparametersampler.obj
c:\users\keti-sparrow\documents\wolfsenlab_point\multinode3\hologramrealtime_multinode\fcollada\output\release x64\fcollada\intermediate\fcdeffectparameterfactory.obj
c:\users\keti-sparrow\documents\wolfsenlab_point\multinode3\hologramrealtime_multinode\fcollada\output\release x64\fcollada\intermediate\fcdeffectparameter.obj
c:\users\keti-sparrow\documents\wolfsenlab_point\multinode3\hologramrealtime_multinode\fcollada\output\release x64\fcollada\intermediate\fcdeffectcode.obj
c:\users\keti-sparrow\documents\wolfsenlab_point\multinode3\hologramrealtime_multinode\fcollada\output\release x64\fcollada\intermediate\fcdeffect.obj
c:\users\keti-sparrow\documents\wolfsenlab_point\multinode3\hologramrealtime_multinode\fcollada\output\release x64\fcollada\intermediate\fcdmaterial.obj
c:\users\keti-sparrow\documents\wolfsenlab_point\multinode3\hologramrealtime_multinode\fcollada\output\release x64\fcollada\intermediate\fcdgeometryspline.obj
c:\users\keti-sparrow\documents\wolfsenlab_point\multinode3\hologramrealtime_multinode\fcollada\output\release x64\fcollada\intermediate\fcdgeometrysource.obj
c:\users\keti-sparrow\documents\wolfsenlab_point\multinode3\hologramrealtime_multinode\fcollada\output\release x64\fcollada\intermediate\fcdgeometrypolygonstools.obj
c:\users\keti-sparrow\documents\wolfsenlab_point\multinode3\hologramrealtime_multinode\fcollada\output\release x64\fcollada\intermediate\fcdgeometrypolygonsinput.obj
c:\users\keti-sparrow\documents\wolfsenlab_point\multinode3\hologramrealtime_multinode\fcollada\output\release x64\fcollada\intermediate\fcdentityreference.obj
c:\users\keti-sparrow\documents\wolfsenlab_point\multinode3\hologramrealtime_multinode\fcollada\output\release x64\fcollada\intermediate\fcdasset.obj
c:\users\keti-sparrow\documents\wolfsenlab_point\multinode3\hologramrealtime_multinode\fcollada\output\release x64\fcollada\intermediate\fcdforcewind.obj
c:\users\keti-sparrow\documents\wolfsenlab_point\multinode3\hologramrealtime_multinode\fcollada\output\release x64\fcollada\intermediate\fcdforcepbomb.obj
c:\users\keti-sparrow\documents\wolfsenlab_point\multinode3\hologramrealtime_multinode\fcollada\output\release x64\fcollada\intermediate\fcdforcegravity.obj
c:\users\keti-sparrow\documents\wolfsenlab_point\multinode3\hologramrealtime_multinode\fcollada\output\release x64\fcollada\intermediate\fcdforcefield.obj
c:\users\keti-sparrow\documents\wolfsenlab_point\multinode3\hologramrealtime_multinode\fcollada\output\release x64\fcollada\intermediate\fcdforcedrag.obj
c:\users\keti-sparrow\documents\wolfsenlab_point\multinode3\hologramrealtime_multinode\fcollada\output\release x64\fcollada\intermediate\fcdforcedeflector.obj
c:\users\keti-sparrow\documents\wolfsenlab_point\multinode3\hologramrealtime_multinode\fcollada\output\release x64\fcollada\intermediate\fcdparticlemodifier.obj
c:\users\keti-sparrow\documents\wolfsenlab_point\multinode3\hologramrealtime_multinode\fcollada\output\release x64\fcollada\intermediate\fcdemitterparticle.obj
c:\users\keti-sparrow\documents\wolfsenlab_point\multinode3\hologramrealtime_multinode\fcollada\output\release x64\fcollada\intermediate\fcdemitterobject.obj
c:\users\keti-sparrow\documents\wolfsenlab_point\multinode3\hologramrealtime_multinode\fcollada\output\release x64\fcollada\intermediate\fcdemitter.obj
c:\users\keti-sparrow\documents\wolfsenlab_point\multinode3\hologramrealtime_multinode\fcollada\output\release x64\fcollada\intermediate\fcdlighttools.obj
c:\users\keti-sparrow\documents\wolfsenlab_point\multinode3\hologramrealtime_multinode\fcollada\output\release x64\fcollada\intermediate\fcdlight.obj
c:\users\keti-sparrow\documents\wolfsenlab_point\multinode3\hologramrealtime_multinode\fcollada\output\release x64\fcollada\intermediate\fcdcamera.obj
c:\users\keti-sparrow\documents\wolfsenlab_point\multinode3\hologramrealtime_multinode\fcollada\output\release x64\fcollada\intermediate\fcdskincontroller.obj
c:\users\keti-sparrow\documents\wolfsenlab_point\multinode3\hologramrealtime_multinode\fcollada\output\release x64\fcollada\intermediate\fcdmorphcontroller.obj
c:\users\keti-sparrow\documents\wolfsenlab_point\multinode3\hologramrealtime_multinode\fcollada\output\release x64\fcollada\intermediate\fcdcontrollertools.obj
c:\users\keti-sparrow\documents\wolfsenlab_point\multinode3\hologramrealtime_multinode\fcollada\output\release x64\fcollada\intermediate\fcdcontroller.obj
c:\users\keti-sparrow\documents\wolfsenlab_point\multinode3\hologramrealtime_multinode\fcollada\output\release x64\fcollada\intermediate\fcdtexture.obj
c:\users\keti-sparrow\documents\wolfsenlab_point\multinode3\hologramrealtime_multinode\fcollada\output\release x64\fcollada\intermediate\fcdtransform.obj
c:\users\keti-sparrow\documents\wolfsenlab_point\multinode3\hologramrealtime_multinode\fcollada\output\release x64\fcollada\intermediate\fcdtargetedentity.obj
c:\users\keti-sparrow\documents\wolfsenlab_point\multinode3\hologramrealtime_multinode\fcollada\output\release x64\fcollada\intermediate\fcdscenenodetools.obj
c:\users\keti-sparrow\documents\wolfsenlab_point\multinode3\hologramrealtime_multinode\fcollada\output\release x64\fcollada\intermediate\fcdscenenodeiterator.obj
c:\users\keti-sparrow\documents\wolfsenlab_point\multinode3\hologramrealtime_multinode\fcollada\output\release x64\fcollada\intermediate\fcdscenenode.obj
c:\users\keti-sparrow\documents\wolfsenlab_point\multinode3\hologramrealtime_multinode\fcollada\output\release x64\fcollada\intermediate\fcdentity.obj
c:\users\keti-sparrow\documents\wolfsenlab_point\multinode3\hologramrealtime_multinode\fcollada\output\release x64\fcollada\intermediate\fcdphysicsrigidbodyparameters.obj
c:\users\keti-sparrow\documents\wolfsenlab_point\multinode3\hologramrealtime_multinode\fcollada\output\release x64\fcollada\intermediate\fcdphysicsshape.obj
c:\users\keti-sparrow\documents\wolfsenlab_point\multinode3\hologramrealtime_multinode\fcollada\output\release x64\fcollada\intermediate\fcdphysicsscene.obj
c:\users\keti-sparrow\documents\wolfsenlab_point\multinode3\hologramrealtime_multinode\fcollada\output\release x64\fcollada\intermediate\fcdphysicsrigidconstraint.obj
c:\users\keti-sparrow\documents\wolfsenlab_point\multinode3\hologramrealtime_multinode\fcollada\output\release x64\fcollada\intermediate\fcdphysicsrigidbody.obj
c:\users\keti-sparrow\documents\wolfsenlab_point\multinode3\hologramrealtime_multinode\fcollada\output\release x64\fcollada\intermediate\fcdphysicsmodel.obj
c:\users\keti-sparrow\documents\wolfsenlab_point\multinode3\hologramrealtime_multinode\fcollada\output\release x64\fcollada\intermediate\fcdphysicsmaterial.obj
c:\users\keti-sparrow\documents\wolfsenlab_point\multinode3\hologramrealtime_multinode\fcollada\output\release x64\fcollada\intermediate\fcdphysicsanalyticalgeometry.obj
c:\users\keti-sparrow\documents\wolfsenlab_point\multinode3\hologramrealtime_multinode\fcollada\output\release x64\fcollada\intermediate\fcdplaceholder.obj
c:\users\keti-sparrow\documents\wolfsenlab_point\multinode3\hologramrealtime_multinode\fcollada\output\release x64\fcollada\intermediate\fcdexternalreferencemanager.obj
c:\users\keti-sparrow\documents\wolfsenlab_point\multinode3\hologramrealtime_multinode\fcollada\output\release x64\fcollada\intermediate\fcdextra.obj
c:\users\keti-sparrow\documents\wolfsenlab_point\multinode3\hologramrealtime_multinode\fcollada\output\release x64\fcollada\intermediate\fcdversion.obj
c:\users\keti-sparrow\documents\wolfsenlab_point\multinode3\hologramrealtime_multinode\fcollada\output\release x64\fcollada\intermediate\fcdocumenttools.obj
c:\users\keti-sparrow\documents\wolfsenlab_point\multinode3\hologramrealtime_multinode\fcollada\output\release x64\fcollada\intermediate\fcdocument.obj
c:\users\keti-sparrow\documents\wolfsenlab_point\multinode3\hologramrealtime_multinode\fcollada\output\release x64\fcollada\intermediate\dllentry.obj
c:\users\keti-sparrow\documents\wolfsenlab_point\multinode3\hologramrealtime_multinode\fcollada\output\release x64\fcollada\intermediate\fcolladaplugin.obj
c:\users\keti-sparrow\documents\wolfsenlab_point\multinode3\hologramrealtime_multinode\fcollada\output\release x64\fcollada\intermediate\fcollada.obj
c:\users\keti-sparrow\documents\wolfsenlab_point\multinode3\hologramrealtime_multinode\fcollada\output\release x64\fcollada\intermediate\fcdobjectwithid.obj
c:\users\keti-sparrow\documents\wolfsenlab_point\multinode3\hologramrealtime_multinode\fcollada\output\release x64\fcollada\intermediate\fcdobject.obj
c:\users\keti-sparrow\documents\wolfsenlab_point\multinode3\hologramrealtime_multinode\lib\fcollada.lib
c:\users\keti-sparrow\documents\wolfsenlab_point\multinode3\hologramrealtime_multinode\holograminteractive\..\lib\fcollada.lib
c:\users\keti-sparrow\documents\wolfsenlab_point\multinode3\hologramrealtime_multinode\fcollada\output\release x64\fcollada\intermediate\fcollada.tlog\cl.command.1.tlog
c:\users\keti-sparrow\documents\wolfsenlab_point\multinode3\hologramrealtime_multinode\fcollada\output\release x64\fcollada\intermediate\fcollada.tlog\cl.read.1.tlog
c:\users\keti-sparrow\documents\wolfsenlab_point\multinode3\hologramrealtime_multinode\fcollada\output\release x64\fcollada\intermediate\fcollada.tlog\cl.write.1.tlog
c:\users\keti-sparrow\documents\wolfsenlab_point\multinode3\hologramrealtime_multinode\fcollada\output\release x64\fcollada\intermediate\fcollada.tlog\lib-link.read.1.tlog
c:\users\keti-sparrow\documents\wolfsenlab_point\multinode3\hologramrealtime_multinode\fcollada\output\release x64\fcollada\intermediate\fcollada.tlog\lib-link.write.1.tlog
c:\users\keti-sparrow\documents\wolfsenlab_point\multinode3\hologramrealtime_multinode\fcollada\output\release x64\fcollada\intermediate\fcollada.tlog\lib.command.1.tlog
