c:\users\keti-sparrow\documents\wolfsenlab_point\multinode3\hologramrealtime_multinode\graphics\build\x64\release\font.obj
c:\users\keti-sparrow\documents\wolfsenlab_point\multinode3\hologramrealtime_multinode\graphics\build\x64\release\fmatrix.obj
c:\users\keti-sparrow\documents\wolfsenlab_point\multinode3\hologramrealtime_multinode\graphics\build\x64\release\event.obj
c:\users\keti-sparrow\documents\wolfsenlab_point\multinode3\hologramrealtime_multinode\graphics\build\x64\release\eulerangles.obj
c:\users\keti-sparrow\documents\wolfsenlab_point\multinode3\hologramrealtime_multinode\graphics\build\x64\release\epsilon.obj
c:\users\keti-sparrow\documents\wolfsenlab_point\multinode3\hologramrealtime_multinode\graphics\build\x64\release\displacement_map.obj
c:\users\keti-sparrow\documents\wolfsenlab_point\multinode3\hologramrealtime_multinode\graphics\build\x64\release\depth_texture_buffer.obj
c:\users\keti-sparrow\documents\wolfsenlab_point\multinode3\hologramrealtime_multinode\graphics\build\x64\release\delaunay.obj
c:\users\keti-sparrow\documents\wolfsenlab_point\multinode3\hologramrealtime_multinode\graphics\build\x64\release\crop_ms.obj
c:\users\keti-sparrow\documents\wolfsenlab_point\multinode3\hologramrealtime_multinode\graphics\build\x64\release\computeshader.obj
c:\users\keti-sparrow\documents\wolfsenlab_point\multinode3\hologramrealtime_multinode\graphics\build\x64\release\color_buffer64.obj
c:\users\keti-sparrow\documents\wolfsenlab_point\multinode3\hologramrealtime_multinode\graphics\build\x64\release\color_buffer.obj
c:\users\keti-sparrow\documents\wolfsenlab_point\multinode3\hologramrealtime_multinode\graphics\build\x64\release\color.obj
c:\users\keti-sparrow\documents\wolfsenlab_point\multinode3\hologramrealtime_multinode\graphics\build\x64\release\change_type.obj
c:\users\keti-sparrow\documents\wolfsenlab_point\multinode3\hologramrealtime_multinode\graphics\build\x64\release\camera_map.obj
c:\users\keti-sparrow\documents\wolfsenlab_point\multinode3\hologramrealtime_multinode\graphics\build\x64\release\camerainterface.obj
c:\users\keti-sparrow\documents\wolfsenlab_point\multinode3\hologramrealtime_multinode\graphics\build\x64\release\camera.obj
c:\users\keti-sparrow\documents\wolfsenlab_point\multinode3\hologramrealtime_multinode\graphics\build\x64\release\bit_count.obj
c:\users\keti-sparrow\documents\wolfsenlab_point\multinode3\hologramrealtime_multinode\graphics\build\x64\release\binomial.obj
c:\users\keti-sparrow\documents\wolfsenlab_point\multinode3\hologramrealtime_multinode\graphics\build\x64\release\barycentric.obj
c:\users\keti-sparrow\documents\wolfsenlab_point\multinode3\hologramrealtime_multinode\graphics\build\x64\release\material_shader.obj
c:\users\keti-sparrow\documents\wolfsenlab_point\multinode3\hologramrealtime_multinode\graphics\build\x64\release\lu_decomp.obj
c:\users\keti-sparrow\documents\wolfsenlab_point\multinode3\hologramrealtime_multinode\graphics\build\x64\release\log.obj
c:\users\keti-sparrow\documents\wolfsenlab_point\multinode3\hologramrealtime_multinode\graphics\build\x64\release\keystate.obj
c:\users\keti-sparrow\documents\wolfsenlab_point\multinode3\hologramrealtime_multinode\graphics\build\x64\release\ivec.obj
c:\users\keti-sparrow\documents\wolfsenlab_point\multinode3\hologramrealtime_multinode\graphics\build\x64\release\interval.obj
c:\users\keti-sparrow\documents\wolfsenlab_point\multinode3\hologramrealtime_multinode\graphics\build\x64\release\intersection.obj
c:\users\keti-sparrow\documents\wolfsenlab_point\multinode3\hologramrealtime_multinode\graphics\build\x64\release\homography.obj
c:\users\keti-sparrow\documents\wolfsenlab_point\multinode3\hologramrealtime_multinode\graphics\build\x64\release\heap.obj
c:\users\keti-sparrow\documents\wolfsenlab_point\multinode3\hologramrealtime_multinode\graphics\build\x64\release\gmatrix.obj
c:\users\keti-sparrow\documents\wolfsenlab_point\multinode3\hologramrealtime_multinode\graphics\build\x64\release\gl_stat.obj
c:\users\keti-sparrow\documents\wolfsenlab_point\multinode3\hologramrealtime_multinode\graphics\build\x64\release\gl_extension.obj
c:\users\keti-sparrow\documents\wolfsenlab_point\multinode3\hologramrealtime_multinode\graphics\build\x64\release\gl_draw.obj
c:\users\keti-sparrow\documents\wolfsenlab_point\multinode3\hologramrealtime_multinode\graphics\build\x64\release\glmultigpu.obj
c:\users\keti-sparrow\documents\wolfsenlab_point\multinode3\hologramrealtime_multinode\graphics\build\x64\release\glinfo.obj
c:\users\keti-sparrow\documents\wolfsenlab_point\multinode3\hologramrealtime_multinode\graphics\build\x64\release\gl.obj
c:\users\keti-sparrow\documents\wolfsenlab_point\multinode3\hologramrealtime_multinode\graphics\build\x64\release\ghash.obj
c:\users\keti-sparrow\documents\wolfsenlab_point\multinode3\hologramrealtime_multinode\graphics\build\x64\release\geom.obj
c:\users\keti-sparrow\documents\wolfsenlab_point\multinode3\hologramrealtime_multinode\graphics\build\x64\release\frustum.obj
c:\users\keti-sparrow\documents\wolfsenlab_point\multinode3\hologramrealtime_multinode\graphics\build\x64\release\frame.obj
c:\users\keti-sparrow\documents\wolfsenlab_point\multinode3\hologramrealtime_multinode\graphics\build\x64\release\render_alpha.obj
c:\users\keti-sparrow\documents\wolfsenlab_point\multinode3\hologramrealtime_multinode\graphics\build\x64\release\real.obj
c:\users\keti-sparrow\documents\wolfsenlab_point\multinode3\hologramrealtime_multinode\graphics\build\x64\release\rasterizer.obj
c:\users\keti-sparrow\documents\wolfsenlab_point\multinode3\hologramrealtime_multinode\graphics\build\x64\release\quater_param.obj
c:\users\keti-sparrow\documents\wolfsenlab_point\multinode3\hologramrealtime_multinode\graphics\build\x64\release\quater.obj
c:\users\keti-sparrow\documents\wolfsenlab_point\multinode3\hologramrealtime_multinode\graphics\build\x64\release\qr.obj
c:\users\keti-sparrow\documents\wolfsenlab_point\multinode3\hologramrealtime_multinode\graphics\build\x64\release\projector.obj
c:\users\keti-sparrow\documents\wolfsenlab_point\multinode3\hologramrealtime_multinode\graphics\build\x64\release\pqueue.obj
c:\users\keti-sparrow\documents\wolfsenlab_point\multinode3\hologramrealtime_multinode\graphics\build\x64\release\pixelbufferobj.obj
c:\users\keti-sparrow\documents\wolfsenlab_point\multinode3\hologramrealtime_multinode\graphics\build\x64\release\parametrize.obj
c:\users\keti-sparrow\documents\wolfsenlab_point\multinode3\hologramrealtime_multinode\graphics\build\x64\release\object_space_path.obj
c:\users\keti-sparrow\documents\wolfsenlab_point\multinode3\hologramrealtime_multinode\graphics\build\x64\release\object_space.obj
c:\users\keti-sparrow\documents\wolfsenlab_point\multinode3\hologramrealtime_multinode\graphics\build\x64\release\noise_api.obj
c:\users\keti-sparrow\documents\wolfsenlab_point\multinode3\hologramrealtime_multinode\graphics\build\x64\release\misc.obj
c:\users\keti-sparrow\documents\wolfsenlab_point\multinode3\hologramrealtime_multinode\graphics\build\x64\release\minmax.obj
c:\users\keti-sparrow\documents\wolfsenlab_point\multinode3\hologramrealtime_multinode\graphics\build\x64\release\matrix_math.obj
c:\users\keti-sparrow\documents\wolfsenlab_point\multinode3\hologramrealtime_multinode\graphics\build\x64\release\matrix4x4.obj
c:\users\keti-sparrow\documents\wolfsenlab_point\multinode3\hologramrealtime_multinode\graphics\build\x64\release\matrix3x4.obj
c:\users\keti-sparrow\documents\wolfsenlab_point\multinode3\hologramrealtime_multinode\graphics\build\x64\release\matrix3x3.obj
c:\users\keti-sparrow\documents\wolfsenlab_point\multinode3\hologramrealtime_multinode\graphics\build\x64\release\matrix.obj
c:\users\keti-sparrow\documents\wolfsenlab_point\multinode3\hologramrealtime_multinode\graphics\build\x64\release\shadow_map.obj
c:\users\keti-sparrow\documents\wolfsenlab_point\multinode3\hologramrealtime_multinode\graphics\build\x64\release\shader.obj
c:\users\keti-sparrow\documents\wolfsenlab_point\multinode3\hologramrealtime_multinode\graphics\build\x64\release\seed_fill.obj
c:\users\keti-sparrow\documents\wolfsenlab_point\multinode3\hologramrealtime_multinode\graphics\build\x64\release\scaled_frame.obj
c:\users\keti-sparrow\documents\wolfsenlab_point\multinode3\hologramrealtime_multinode\graphics\build\x64\release\render_scalar_bw.obj
c:\users\keti-sparrow\documents\wolfsenlab_point\multinode3\hologramrealtime_multinode\graphics\build\x64\release\render_scalar.obj
c:\users\keti-sparrow\documents\wolfsenlab_point\multinode3\hologramrealtime_multinode\graphics\build\x64\release\render_path.obj
c:\users\keti-sparrow\documents\wolfsenlab_point\multinode3\hologramrealtime_multinode\graphics\build\x64\release\render_normal_color.obj
c:\users\keti-sparrow\documents\wolfsenlab_point\multinode3\hologramrealtime_multinode\graphics\build\x64\release\render_normal.obj
c:\users\keti-sparrow\documents\wolfsenlab_point\multinode3\hologramrealtime_multinode\graphics\build\x64\release\render_line.obj
c:\users\keti-sparrow\documents\wolfsenlab_point\multinode3\hologramrealtime_multinode\graphics\build\x64\release\render_legend_bw.obj
c:\users\keti-sparrow\documents\wolfsenlab_point\multinode3\hologramrealtime_multinode\graphics\build\x64\release\render_legend.obj
c:\users\keti-sparrow\documents\wolfsenlab_point\multinode3\hologramrealtime_multinode\graphics\build\x64\release\render_hsv_bar.obj
c:\users\keti-sparrow\documents\wolfsenlab_point\multinode3\hologramrealtime_multinode\graphics\build\x64\release\render_hsv.obj
c:\users\keti-sparrow\documents\wolfsenlab_point\multinode3\hologramrealtime_multinode\graphics\build\x64\release\render_homography.obj
c:\users\keti-sparrow\documents\wolfsenlab_point\multinode3\hologramrealtime_multinode\graphics\build\x64\release\render_buffer.obj
c:\users\keti-sparrow\documents\wolfsenlab_point\multinode3\hologramrealtime_multinode\graphics\build\x64\release\render_bezier_path.obj
c:\users\keti-sparrow\documents\wolfsenlab_point\multinode3\hologramrealtime_multinode\graphics\build\x64\release\render_bezier_join.obj
c:\users\keti-sparrow\documents\wolfsenlab_point\multinode3\hologramrealtime_multinode\graphics\build\x64\release\render_bezier.obj
c:\users\keti-sparrow\documents\wolfsenlab_point\multinode3\hologramrealtime_multinode\graphics\build\x64\release\render_alpha_bar.obj
c:\users\keti-sparrow\documents\wolfsenlab_point\multinode3\hologramrealtime_multinode\graphics\build\x64\release\vec_abs.obj
c:\users\keti-sparrow\documents\wolfsenlab_point\multinode3\hologramrealtime_multinode\graphics\build\x64\release\vector.obj
c:\users\keti-sparrow\documents\wolfsenlab_point\multinode3\hologramrealtime_multinode\graphics\build\x64\release\vec.obj
c:\users\keti-sparrow\documents\wolfsenlab_point\multinode3\hologramrealtime_multinode\graphics\build\x64\release\unsigned.obj
c:\users\keti-sparrow\documents\wolfsenlab_point\multinode3\hologramrealtime_multinode\graphics\build\x64\release\triangle.obj
c:\users\keti-sparrow\documents\wolfsenlab_point\multinode3\hologramrealtime_multinode\graphics\build\x64\release\timer.obj
c:\users\keti-sparrow\documents\wolfsenlab_point\multinode3\hologramrealtime_multinode\graphics\build\x64\release\texture_buffer_ms.obj
c:\users\keti-sparrow\documents\wolfsenlab_point\multinode3\hologramrealtime_multinode\graphics\build\x64\release\texture_buffer.obj
c:\users\keti-sparrow\documents\wolfsenlab_point\multinode3\hologramrealtime_multinode\graphics\build\x64\release\texttexture.obj
c:\users\keti-sparrow\documents\wolfsenlab_point\multinode3\hologramrealtime_multinode\graphics\build\x64\release\teapot.obj
c:\users\keti-sparrow\documents\wolfsenlab_point\multinode3\hologramrealtime_multinode\graphics\build\x64\release\sys.obj
c:\users\keti-sparrow\documents\wolfsenlab_point\multinode3\hologramrealtime_multinode\graphics\build\x64\release\string_manip.obj
c:\users\keti-sparrow\documents\wolfsenlab_point\multinode3\hologramrealtime_multinode\graphics\build\x64\release\streamtexturergb.obj
c:\users\keti-sparrow\documents\wolfsenlab_point\multinode3\hologramrealtime_multinode\graphics\build\x64\release\streamtexture.obj
c:\users\keti-sparrow\documents\wolfsenlab_point\multinode3\hologramrealtime_multinode\graphics\build\x64\release\square.obj
c:\users\keti-sparrow\documents\wolfsenlab_point\multinode3\hologramrealtime_multinode\graphics\build\x64\release\solve.obj
c:\users\keti-sparrow\documents\wolfsenlab_point\multinode3\hologramrealtime_multinode\graphics\build\x64\release\slic_hierarchy.obj
c:\users\keti-sparrow\documents\wolfsenlab_point\multinode3\hologramrealtime_multinode\graphics\build\x64\release\slic.obj
c:\users\keti-sparrow\documents\wolfsenlab_point\multinode3\hologramrealtime_multinode\graphics\build\x64\release\simple_curve.obj
c:\users\keti-sparrow\documents\wolfsenlab_point\multinode3\hologramrealtime_multinode\graphics\build\x64\release\simple_b_rep.obj
c:\users\keti-sparrow\documents\wolfsenlab_point\multinode3\hologramrealtime_multinode\graphics\build\x64\release\_limits.obj
c:\users\keti-sparrow\documents\wolfsenlab_point\multinode3\hologramrealtime_multinode\graphics\build\x64\release\yuvtorgb_shader.obj
c:\users\keti-sparrow\documents\wolfsenlab_point\multinode3\hologramrealtime_multinode\graphics\build\x64\release\xform.obj
c:\users\keti-sparrow\documents\wolfsenlab_point\multinode3\hologramrealtime_multinode\graphics\build\x64\release\virtual_model.obj
c:\users\keti-sparrow\documents\wolfsenlab_point\multinode3\hologramrealtime_multinode\graphics\build\x64\release\fvec.obj
c:\users\keti-sparrow\documents\wolfsenlab_point\multinode3\hologramrealtime_multinode\graphics\build\x64\release\noise_table.obj
c:\users\keti-sparrow\documents\wolfsenlab_point\multinode3\hologramrealtime_multinode\lib\graphics.lib
c:\users\keti-sparrow\documents\wolfsenlab_point\multinode3\hologramrealtime_multinode\holograminteractive\..\lib\graphics.lib
c:\users\keti-sparrow\documents\wolfsenlab_point\multinode3\hologramrealtime_multinode\graphics\build\x64\release\graphics.tlog\cl.command.1.tlog
c:\users\keti-sparrow\documents\wolfsenlab_point\multinode3\hologramrealtime_multinode\graphics\build\x64\release\graphics.tlog\cl.read.1.tlog
c:\users\keti-sparrow\documents\wolfsenlab_point\multinode3\hologramrealtime_multinode\graphics\build\x64\release\graphics.tlog\cl.write.1.tlog
c:\users\keti-sparrow\documents\wolfsenlab_point\multinode3\hologramrealtime_multinode\graphics\build\x64\release\graphics.tlog\lib-link.read.1.tlog
c:\users\keti-sparrow\documents\wolfsenlab_point\multinode3\hologramrealtime_multinode\graphics\build\x64\release\graphics.tlog\lib-link.write.1.tlog
c:\users\keti-sparrow\documents\wolfsenlab_point\multinode3\hologramrealtime_multinode\graphics\build\x64\release\graphics.tlog\lib.command.1.tlog
