c:\users\keti-sparrow\documents\wolfsenlab_point\multinode3\hologramrealtime_multinode\fcolladaplugins\output\release x64\farchivexml\intermediate\farchivexml.pch
c:\users\keti-sparrow\documents\wolfsenlab_point\multinode3\hologramrealtime_multinode\fcolladaplugins\output\release x64\farchivexml\intermediate\stdafx.obj
c:\users\keti-sparrow\documents\wolfsenlab_point\multinode3\hologramrealtime_multinode\fcolladaplugins\output\release x64\farchivexml\intermediate\faxgeometryexport.obj
c:\users\keti-sparrow\documents\wolfsenlab_point\multinode3\hologramrealtime_multinode\fcolladaplugins\output\release x64\farchivexml\intermediate\faxforcefieldexport.obj
c:\users\keti-sparrow\documents\wolfsenlab_point\multinode3\hologramrealtime_multinode\fcolladaplugins\output\release x64\farchivexml\intermediate\faxentityexport.obj
c:\users\keti-sparrow\documents\wolfsenlab_point\multinode3\hologramrealtime_multinode\fcolladaplugins\output\release x64\farchivexml\intermediate\faxemitterexport.obj
c:\users\keti-sparrow\documents\wolfsenlab_point\multinode3\hologramrealtime_multinode\fcolladaplugins\output\release x64\farchivexml\intermediate\faxcontrollerexport.obj
c:\users\keti-sparrow\documents\wolfsenlab_point\multinode3\hologramrealtime_multinode\fcolladaplugins\output\release x64\farchivexml\intermediate\faxcameraexport.obj
c:\users\keti-sparrow\documents\wolfsenlab_point\multinode3\hologramrealtime_multinode\fcolladaplugins\output\release x64\farchivexml\intermediate\faxanimationexport.obj
c:\users\keti-sparrow\documents\wolfsenlab_point\multinode3\hologramrealtime_multinode\fcolladaplugins\output\release x64\farchivexml\intermediate\faxsceneimport.obj
c:\users\keti-sparrow\documents\wolfsenlab_point\multinode3\hologramrealtime_multinode\fcolladaplugins\output\release x64\farchivexml\intermediate\faxphysicsimport.obj
c:\users\keti-sparrow\documents\wolfsenlab_point\multinode3\hologramrealtime_multinode\fcolladaplugins\output\release x64\farchivexml\intermediate\faxmaterialimport.obj
c:\users\keti-sparrow\documents\wolfsenlab_point\multinode3\hologramrealtime_multinode\fcolladaplugins\output\release x64\farchivexml\intermediate\faxlightimport.obj
c:\users\keti-sparrow\documents\wolfsenlab_point\multinode3\hologramrealtime_multinode\fcolladaplugins\output\release x64\farchivexml\intermediate\faxinstanceimport.obj
c:\users\keti-sparrow\documents\wolfsenlab_point\multinode3\hologramrealtime_multinode\fcolladaplugins\output\release x64\farchivexml\intermediate\faximportlinking.obj
c:\users\keti-sparrow\documents\wolfsenlab_point\multinode3\hologramrealtime_multinode\fcolladaplugins\output\release x64\farchivexml\intermediate\faxgeometryimport.obj
c:\users\keti-sparrow\documents\wolfsenlab_point\multinode3\hologramrealtime_multinode\fcolladaplugins\output\release x64\farchivexml\intermediate\faxforcefieldimport.obj
c:\users\keti-sparrow\documents\wolfsenlab_point\multinode3\hologramrealtime_multinode\fcolladaplugins\output\release x64\farchivexml\intermediate\faxentityimport.obj
c:\users\keti-sparrow\documents\wolfsenlab_point\multinode3\hologramrealtime_multinode\fcolladaplugins\output\release x64\farchivexml\intermediate\faxemitterimport.obj
c:\users\keti-sparrow\documents\wolfsenlab_point\multinode3\hologramrealtime_multinode\fcolladaplugins\output\release x64\farchivexml\intermediate\faxcontrollerimport.obj
c:\users\keti-sparrow\documents\wolfsenlab_point\multinode3\hologramrealtime_multinode\fcolladaplugins\output\release x64\farchivexml\intermediate\faxcameraimport.obj
c:\users\keti-sparrow\documents\wolfsenlab_point\multinode3\hologramrealtime_multinode\fcolladaplugins\output\release x64\farchivexml\intermediate\faxanimationimport.obj
c:\users\keti-sparrow\documents\wolfsenlab_point\multinode3\hologramrealtime_multinode\fcolladaplugins\output\release x64\farchivexml\intermediate\farchivexml.obj
c:\users\keti-sparrow\documents\wolfsenlab_point\multinode3\hologramrealtime_multinode\fcolladaplugins\output\release x64\farchivexml\intermediate\faxcolladawriter.obj
c:\users\keti-sparrow\documents\wolfsenlab_point\multinode3\hologramrealtime_multinode\fcolladaplugins\output\release x64\farchivexml\intermediate\faxcolladaparser.obj
c:\users\keti-sparrow\documents\wolfsenlab_point\multinode3\hologramrealtime_multinode\fcolladaplugins\output\release x64\farchivexml\intermediate\faxsceneexport.obj
c:\users\keti-sparrow\documents\wolfsenlab_point\multinode3\hologramrealtime_multinode\fcolladaplugins\output\release x64\farchivexml\intermediate\faxphysicsexport.obj
c:\users\keti-sparrow\documents\wolfsenlab_point\multinode3\hologramrealtime_multinode\fcolladaplugins\output\release x64\farchivexml\intermediate\faxmaterialexport.obj
c:\users\keti-sparrow\documents\wolfsenlab_point\multinode3\hologramrealtime_multinode\fcolladaplugins\output\release x64\farchivexml\intermediate\faxlightexport.obj
c:\users\keti-sparrow\documents\wolfsenlab_point\multinode3\hologramrealtime_multinode\fcolladaplugins\output\release x64\farchivexml\intermediate\faxinstanceexport.obj
c:\users\keti-sparrow\documents\wolfsenlab_point\multinode3\hologramrealtime_multinode\lib\farchivexml.lib
c:\users\keti-sparrow\documents\wolfsenlab_point\multinode3\hologramrealtime_multinode\fcolladaplugins\farchivexml\..\..\lib\farchivexml.lib
c:\users\keti-sparrow\documents\wolfsenlab_point\multinode3\hologramrealtime_multinode\fcolladaplugins\output\release x64\farchivexml\intermediate\farchivexml.tlog\cl.command.1.tlog
c:\users\keti-sparrow\documents\wolfsenlab_point\multinode3\hologramrealtime_multinode\fcolladaplugins\output\release x64\farchivexml\intermediate\farchivexml.tlog\cl.read.1.tlog
c:\users\keti-sparrow\documents\wolfsenlab_point\multinode3\hologramrealtime_multinode\fcolladaplugins\output\release x64\farchivexml\intermediate\farchivexml.tlog\cl.write.1.tlog
c:\users\keti-sparrow\documents\wolfsenlab_point\multinode3\hologramrealtime_multinode\fcolladaplugins\output\release x64\farchivexml\intermediate\farchivexml.tlog\lib-link.read.1.tlog
c:\users\keti-sparrow\documents\wolfsenlab_point\multinode3\hologramrealtime_multinode\fcolladaplugins\output\release x64\farchivexml\intermediate\farchivexml.tlog\lib-link.write.1.tlog
c:\users\keti-sparrow\documents\wolfsenlab_point\multinode3\hologramrealtime_multinode\fcolladaplugins\output\release x64\farchivexml\intermediate\farchivexml.tlog\lib.command.1.tlog
