  c14n.c
  catalog.c
  chvalid.c
  debugXML.c
  dict.c
  DOCBparser.c
  encoding.c
  entities.c
  error.c
  globals.c
  hash.c
  HTMLparser.c
  HTMLtree.c
  legacy.c
  list.c
  nanoftp.c
  nanohttp.c
  parser.c
  parserInternals.c
  pattern.c
  코드를 생성하고 있습니다...
  컴파일하고 있습니다...
  relaxng.c
  SAX.c
  SAX2.c
  threads.c
  tree.c
  uri.c
  valid.c
  xinclude.c
  xlink.c
  xmlcatalog.c
  xmlIO.c
c:\users\keti-sparrow\documents\wolfsenlab_point\multinode3\hologramrealtime_multinode\fcollada\libxml\xmlio.c(605): warning C4013: '_read'이(가) 정의되지 않았습니다. extern은 int형을 반환하는 것으로 간주합니다.
c:\users\keti-sparrow\documents\wolfsenlab_point\multinode3\hologramrealtime_multinode\fcollada\libxml\xmlio.c(625): warning C4013: '_write'이(가) 정의되지 않았습니다. extern은 int형을 반환하는 것으로 간주합니다.
c:\users\keti-sparrow\documents\wolfsenlab_point\multinode3\hologramrealtime_multinode\fcollada\libxml\xmlio.c(642): warning C4013: '_close'이(가) 정의되지 않았습니다. extern은 int형을 반환하는 것으로 간주합니다.
c:\users\keti-sparrow\documents\wolfsenlab_point\multinode3\hologramrealtime_multinode\fcollada\libxml\xmlio.c(3293): warning C4013: '_getcwd'이(가) 정의되지 않았습니다. extern은 int형을 반환하는 것으로 간주합니다.
c:\users\keti-sparrow\documents\wolfsenlab_point\multinode3\hologramrealtime_multinode\fcollada\libxml\xmlio.c(3293): warning C4047: '!=': 'int'의 간접 참조 수준이 'void *'과(와) 다릅니다.
  xmlmemory.c
  xmlmodule.c
  xmlreader.c
  xmlregexp.c
  xmlsave.c
  xmlstring.c
  xmlunicode.c
  xmlwriter.c
  코드를 생성하고 있습니다...
  LibXML.vcxproj -> C:\Users\KETI-Sparrow\Documents\WolfsenLab_Point\MultiNode3\HologramRealTime_MultiNode\FCollada\LibXML\../../lib\LibXML.lib
