c:\users\keti-sparrow\documents\wolfsenlab_point\multinode3\hologramrealtime_multinode\fcollada\output\release x64\libxml\intermediate\pattern.obj
c:\users\keti-sparrow\documents\wolfsenlab_point\multinode3\hologramrealtime_multinode\fcollada\output\release x64\libxml\intermediate\parserinternals.obj
c:\users\keti-sparrow\documents\wolfsenlab_point\multinode3\hologramrealtime_multinode\fcollada\output\release x64\libxml\intermediate\parser.obj
c:\users\keti-sparrow\documents\wolfsenlab_point\multinode3\hologramrealtime_multinode\fcollada\output\release x64\libxml\intermediate\nanohttp.obj
c:\users\keti-sparrow\documents\wolfsenlab_point\multinode3\hologramrealtime_multinode\fcollada\output\release x64\libxml\intermediate\nanoftp.obj
c:\users\keti-sparrow\documents\wolfsenlab_point\multinode3\hologramrealtime_multinode\fcollada\output\release x64\libxml\intermediate\list.obj
c:\users\keti-sparrow\documents\wolfsenlab_point\multinode3\hologramrealtime_multinode\fcollada\output\release x64\libxml\intermediate\legacy.obj
c:\users\keti-sparrow\documents\wolfsenlab_point\multinode3\hologramrealtime_multinode\fcollada\output\release x64\libxml\intermediate\htmltree.obj
c:\users\keti-sparrow\documents\wolfsenlab_point\multinode3\hologramrealtime_multinode\fcollada\output\release x64\libxml\intermediate\htmlparser.obj
c:\users\keti-sparrow\documents\wolfsenlab_point\multinode3\hologramrealtime_multinode\fcollada\output\release x64\libxml\intermediate\hash.obj
c:\users\keti-sparrow\documents\wolfsenlab_point\multinode3\hologramrealtime_multinode\fcollada\output\release x64\libxml\intermediate\globals.obj
c:\users\keti-sparrow\documents\wolfsenlab_point\multinode3\hologramrealtime_multinode\fcollada\output\release x64\libxml\intermediate\error.obj
c:\users\keti-sparrow\documents\wolfsenlab_point\multinode3\hologramrealtime_multinode\fcollada\output\release x64\libxml\intermediate\entities.obj
c:\users\keti-sparrow\documents\wolfsenlab_point\multinode3\hologramrealtime_multinode\fcollada\output\release x64\libxml\intermediate\encoding.obj
c:\users\keti-sparrow\documents\wolfsenlab_point\multinode3\hologramrealtime_multinode\fcollada\output\release x64\libxml\intermediate\docbparser.obj
c:\users\keti-sparrow\documents\wolfsenlab_point\multinode3\hologramrealtime_multinode\fcollada\output\release x64\libxml\intermediate\dict.obj
c:\users\keti-sparrow\documents\wolfsenlab_point\multinode3\hologramrealtime_multinode\fcollada\output\release x64\libxml\intermediate\debugxml.obj
c:\users\keti-sparrow\documents\wolfsenlab_point\multinode3\hologramrealtime_multinode\fcollada\output\release x64\libxml\intermediate\chvalid.obj
c:\users\keti-sparrow\documents\wolfsenlab_point\multinode3\hologramrealtime_multinode\fcollada\output\release x64\libxml\intermediate\catalog.obj
c:\users\keti-sparrow\documents\wolfsenlab_point\multinode3\hologramrealtime_multinode\fcollada\output\release x64\libxml\intermediate\c14n.obj
c:\users\keti-sparrow\documents\wolfsenlab_point\multinode3\hologramrealtime_multinode\fcollada\output\release x64\libxml\intermediate\xmlwriter.obj
c:\users\keti-sparrow\documents\wolfsenlab_point\multinode3\hologramrealtime_multinode\fcollada\output\release x64\libxml\intermediate\xmlunicode.obj
c:\users\keti-sparrow\documents\wolfsenlab_point\multinode3\hologramrealtime_multinode\fcollada\output\release x64\libxml\intermediate\xmlstring.obj
c:\users\keti-sparrow\documents\wolfsenlab_point\multinode3\hologramrealtime_multinode\fcollada\output\release x64\libxml\intermediate\xmlsave.obj
c:\users\keti-sparrow\documents\wolfsenlab_point\multinode3\hologramrealtime_multinode\fcollada\output\release x64\libxml\intermediate\xmlregexp.obj
c:\users\keti-sparrow\documents\wolfsenlab_point\multinode3\hologramrealtime_multinode\fcollada\output\release x64\libxml\intermediate\xmlreader.obj
c:\users\keti-sparrow\documents\wolfsenlab_point\multinode3\hologramrealtime_multinode\fcollada\output\release x64\libxml\intermediate\xmlmodule.obj
c:\users\keti-sparrow\documents\wolfsenlab_point\multinode3\hologramrealtime_multinode\fcollada\output\release x64\libxml\intermediate\xmlmemory.obj
c:\users\keti-sparrow\documents\wolfsenlab_point\multinode3\hologramrealtime_multinode\fcollada\output\release x64\libxml\intermediate\xmlio.obj
c:\users\keti-sparrow\documents\wolfsenlab_point\multinode3\hologramrealtime_multinode\fcollada\output\release x64\libxml\intermediate\xmlcatalog.obj
c:\users\keti-sparrow\documents\wolfsenlab_point\multinode3\hologramrealtime_multinode\fcollada\output\release x64\libxml\intermediate\xlink.obj
c:\users\keti-sparrow\documents\wolfsenlab_point\multinode3\hologramrealtime_multinode\fcollada\output\release x64\libxml\intermediate\xinclude.obj
c:\users\keti-sparrow\documents\wolfsenlab_point\multinode3\hologramrealtime_multinode\fcollada\output\release x64\libxml\intermediate\valid.obj
c:\users\keti-sparrow\documents\wolfsenlab_point\multinode3\hologramrealtime_multinode\fcollada\output\release x64\libxml\intermediate\uri.obj
c:\users\keti-sparrow\documents\wolfsenlab_point\multinode3\hologramrealtime_multinode\fcollada\output\release x64\libxml\intermediate\tree.obj
c:\users\keti-sparrow\documents\wolfsenlab_point\multinode3\hologramrealtime_multinode\fcollada\output\release x64\libxml\intermediate\threads.obj
c:\users\keti-sparrow\documents\wolfsenlab_point\multinode3\hologramrealtime_multinode\fcollada\output\release x64\libxml\intermediate\sax2.obj
c:\users\keti-sparrow\documents\wolfsenlab_point\multinode3\hologramrealtime_multinode\fcollada\output\release x64\libxml\intermediate\sax.obj
c:\users\keti-sparrow\documents\wolfsenlab_point\multinode3\hologramrealtime_multinode\fcollada\output\release x64\libxml\intermediate\relaxng.obj
c:\users\keti-sparrow\documents\wolfsenlab_point\multinode3\hologramrealtime_multinode\lib\libxml.lib
c:\users\keti-sparrow\documents\wolfsenlab_point\multinode3\hologramrealtime_multinode\fcollada\libxml\../../lib\libxml.lib
c:\users\keti-sparrow\documents\wolfsenlab_point\multinode3\hologramrealtime_multinode\fcollada\output\release x64\libxml\intermediate\libxml.tlog\cl.command.1.tlog
c:\users\keti-sparrow\documents\wolfsenlab_point\multinode3\hologramrealtime_multinode\fcollada\output\release x64\libxml\intermediate\libxml.tlog\cl.read.1.tlog
c:\users\keti-sparrow\documents\wolfsenlab_point\multinode3\hologramrealtime_multinode\fcollada\output\release x64\libxml\intermediate\libxml.tlog\cl.write.1.tlog
c:\users\keti-sparrow\documents\wolfsenlab_point\multinode3\hologramrealtime_multinode\fcollada\output\release x64\libxml\intermediate\libxml.tlog\lib-link.read.1.tlog
c:\users\keti-sparrow\documents\wolfsenlab_point\multinode3\hologramrealtime_multinode\fcollada\output\release x64\libxml\intermediate\libxml.tlog\lib-link.write.1.tlog
c:\users\keti-sparrow\documents\wolfsenlab_point\multinode3\hologramrealtime_multinode\fcollada\output\release x64\libxml\intermediate\libxml.tlog\lib.command.1.tlog
