  
  C:\Users\KETI-Sparrow\Documents\WolfsenLab_Point\MultiNode_Auth\HologramRealTime_MultiNode\Hologram\build>"C:\Program Files\NVIDIA GPU Computing Toolkit\CUDA\v10.0\bin\nvcc.exe" -ccbin "C:\Program Files (x86)\Microsoft Visual Studio\2017\Community\VC\Tools\MSVC\14.16.27023\bin\HostX86\x64" -x cu  -I"C:\Program Files\NVIDIA GPU Computing Toolkit\CUDA\v10.0\include" -IC:\Qt\Qt5.6.2\5.6\msvc2015_64\include -I"C:\Users\KETI-Sparrow\Documents\WolfsenLab_Point\MultiNode_Auth\HologramRealTime_MultiNode\HologramInteractive\\..\external_include" -I"C:\Users\KETI-Sparrow\Documents\WolfsenLab_Point\MultiNode_Auth\HologramRealTime_MultiNode\HologramInteractive\\.." -I"C:\Users\KETI-Sparrow\Documents\WolfsenLab_Point\MultiNode_Auth\HologramRealTime_MultiNode\HologramInteractive\..\\" -I"C:\Program Files\NVIDIA GPU Computing Toolkit\CUDA\v10.0\include" -I"C:\Program Files\NVIDIA GPU Computing Toolkit\CUDA\v10.0\include"     --keep-dir x64\Release -maxrregcount=0  --machine 64 --compile      -DWIN32 -DWIN64 -DNDEBUG -D_CONSOLE -D_MBCS -Xcompiler "/EHsc /W3 /nologo /O2  /FS /Zi  /MD " -o x64\Release\HologramKernel.cu.obj "C:\Users\KETI-Sparrow\Documents\WolfsenLab_Point\MultiNode_Auth\HologramRealTime_MultiNode\Hologram\src\HologramKernel.cu" -clean 
  HologramKernel.cu
  Compiling CUDA source file ..\src\HologramKernel.cu...
  
  C:\Users\KETI-Sparrow\Documents\WolfsenLab_Point\MultiNode_Auth\HologramRealTime_MultiNode\Hologram\build>"C:\Program Files\NVIDIA GPU Computing Toolkit\CUDA\v10.0\bin\nvcc.exe" -gencode=arch=compute_35,code=\"sm_35,compute_35\" --use-local-env -ccbin "C:\Program Files (x86)\Microsoft Visual Studio\2017\Community\VC\Tools\MSVC\14.16.27023\bin\HostX86\x64" -x cu  -I"C:\Program Files\NVIDIA GPU Computing Toolkit\CUDA\v10.0\include" -IC:\Qt\Qt5.6.2\5.6\msvc2015_64\include -I"C:\Users\KETI-Sparrow\Documents\WolfsenLab_Point\MultiNode_Auth\HologramRealTime_MultiNode\HologramInteractive\\..\external_include" -I"C:\Users\KETI-Sparrow\Documents\WolfsenLab_Point\MultiNode_Auth\HologramRealTime_MultiNode\HologramInteractive\\.." -I"C:\Users\KETI-Sparrow\Documents\WolfsenLab_Point\MultiNode_Auth\HologramRealTime_MultiNode\HologramInteractive\..\\" -I"C:\Program Files\NVIDIA GPU Computing Toolkit\CUDA\v10.0\include" -I"C:\Program Files\NVIDIA GPU Computing Toolkit\CUDA\v10.0\include"     --keep-dir x64\Release -maxrregcount=0  --machine 64 --compile -cudart static     -DWIN32 -DWIN64 -DNDEBUG -D_CONSOLE -D_MBCS -Xcompiler "/EHsc /W3 /nologo /O2 /Fdx64\Release\Hologram.pdb /FS /Zi  /MD " -o x64\Release\HologramKernel.cu.obj "C:\Users\KETI-Sparrow\Documents\WolfsenLab_Point\MultiNode_Auth\HologramRealTime_MultiNode\Hologram\src\HologramKernel.cu" 
c:\program files\nvidia gpu computing toolkit\cuda\v10.0\include\crt\math_functions.h : warning C4819: 현재 코드 페이지(949)에서 표시할 수 없는 문자가 파일에 들어 있습니다. 데이터가 손실되지 않게 하려면 해당 파일을 유니코드 형식으로 저장하십시오.
c:\program files\nvidia gpu computing toolkit\cuda\v10.0\include\crt\math_functions.h(824): warning C4819: 현재 코드 페이지(949)에서 표시할 수 없는 문자가 파일에 들어 있습니다. 데이터가 손실되지 않게 하려면 해당 파일을 유니코드 형식으로 저장하십시오.
c:\program files\nvidia gpu computing toolkit\cuda\v10.0\include\crt\math_functions.h(1759): warning C4819: 현재 코드 페이지(949)에서 표시할 수 없는 문자가 파일에 들어 있습니다. 데이터가 손실되지 않게 하려면 해당 파일을 유니코드 형식으로 저장하십시오.
c:\program files\nvidia gpu computing toolkit\cuda\v10.0\include\crt\math_functions.h(2621): warning C4819: 현재 코드 페이지(949)에서 표시할 수 없는 문자가 파일에 들어 있습니다. 데이터가 손실되지 않게 하려면 해당 파일을 유니코드 형식으로 저장하십시오.
c:\program files\nvidia gpu computing toolkit\cuda\v10.0\include\crt\math_functions.h(3460): warning C4819: 현재 코드 페이지(949)에서 표시할 수 없는 문자가 파일에 들어 있습니다. 데이터가 손실되지 않게 하려면 해당 파일을 유니코드 형식으로 저장하십시오.
c:\program files\nvidia gpu computing toolkit\cuda\v10.0\include\crt\math_functions.h(4403): warning C4819: 현재 코드 페이지(949)에서 표시할 수 없는 문자가 파일에 들어 있습니다. 데이터가 손실되지 않게 하려면 해당 파일을 유니코드 형식으로 저장하십시오.
c:\program files\nvidia gpu computing toolkit\cuda\v10.0\include\crt\math_functions.h(5301): warning C4819: 현재 코드 페이지(949)에서 표시할 수 없는 문자가 파일에 들어 있습니다. 데이터가 손실되지 않게 하려면 해당 파일을 유니코드 형식으로 저장하십시오.
c:\program files\nvidia gpu computing toolkit\cuda\v10.0\include\crt\math_functions.h(6212): warning C4819: 현재 코드 페이지(949)에서 표시할 수 없는 문자가 파일에 들어 있습니다. 데이터가 손실되지 않게 하려면 해당 파일을 유니코드 형식으로 저장하십시오.
c:\program files\nvidia gpu computing toolkit\cuda\v10.0\include\crt\math_functions.h(7093): warning C4819: 현재 코드 페이지(949)에서 표시할 수 없는 문자가 파일에 들어 있습니다. 데이터가 손실되지 않게 하려면 해당 파일을 유니코드 형식으로 저장하십시오.
c:\program files\nvidia gpu computing toolkit\cuda\v10.0\include\crt\math_functions.h(7892): warning C4819: 현재 코드 페이지(949)에서 표시할 수 없는 문자가 파일에 들어 있습니다. 데이터가 손실되지 않게 하려면 해당 파일을 유니코드 형식으로 저장하십시오.
c:\program files\nvidia gpu computing toolkit\cuda\v10.0\include\crt/device_functions.h : warning C4819: 현재 코드 페이지(949)에서 표시할 수 없는 문자가 파일에 들어 있습니다. 데이터가 손실되지 않게 하려면 해당 파일을 유니코드 형식으로 저장하십시오.
c:\program files\nvidia gpu computing toolkit\cuda\v10.0\include\crt/device_functions.h(772): warning C4819: 현재 코드 페이지(949)에서 표시할 수 없는 문자가 파일에 들어 있습니다. 데이터가 손실되지 않게 하려면 해당 파일을 유니코드 형식으로 저장하십시오.
c:\program files\nvidia gpu computing toolkit\cuda\v10.0\include\crt/device_functions.h(1628): warning C4819: 현재 코드 페이지(949)에서 표시할 수 없는 문자가 파일에 들어 있습니다. 데이터가 손실되지 않게 하려면 해당 파일을 유니코드 형식으로 저장하십시오.
c:\program files\nvidia gpu computing toolkit\cuda\v10.0\include\crt\device_double_functions.h : warning C4819: 현재 코드 페이지(949)에서 표시할 수 없는 문자가 파일에 들어 있습니다. 데이터가 손실되지 않게 하려면 해당 파일을 유니코드 형식으로 저장하십시오.
c:\program files\nvidia gpu computing toolkit\cuda\v10.0\include\sm_20_intrinsics.h : warning C4819: 현재 코드 페이지(949)에서 표시할 수 없는 문자가 파일에 들어 있습니다. 데이터가 손실되지 않게 하려면 해당 파일을 유니코드 형식으로 저장하십시오.
c:\program files\nvidia gpu computing toolkit\cuda\v10.0\include\sm_20_intrinsics.h(925): warning C4819: 현재 코드 페이지(949)에서 표시할 수 없는 문자가 파일에 들어 있습니다. 데이터가 손실되지 않게 하려면 해당 파일을 유니코드 형식으로 저장하십시오.
c:\program files\nvidia gpu computing toolkit\cuda\v10.0\include\crt/device_functions.h : warning C4819: 현재 코드 페이지(949)에서 표시할 수 없는 문자가 파일에 들어 있습니다. 데이터가 손실되지 않게 하려면 해당 파일을 유니코드 형식으로 저장하십시오.
c:\program files\nvidia gpu computing toolkit\cuda\v10.0\include\crt/device_functions.h(772): warning C4819: 현재 코드 페이지(949)에서 표시할 수 없는 문자가 파일에 들어 있습니다. 데이터가 손실되지 않게 하려면 해당 파일을 유니코드 형식으로 저장하십시오.
c:\program files\nvidia gpu computing toolkit\cuda\v10.0\include\crt/device_functions.h(1628): warning C4819: 현재 코드 페이지(949)에서 표시할 수 없는 문자가 파일에 들어 있습니다. 데이터가 손실되지 않게 하려면 해당 파일을 유니코드 형식으로 저장하십시오.
C:\Qt\Qt5.6.2\5.6\msvc2015_64\include\QtCore/qlogging.h(131): warning : field of class type without a DLL interface used in a class with a DLL interface
c:\qt\qt5.6.2\5.6\msvc2015_64\include\qtcore\qstring.h(957): warning : statement is unreachable
C:/Users/KETI-Sparrow/Documents/WolfsenLab_Point/MultiNode_Auth/HologramRealTime_MultiNode/Hologram/src/HologramKernel.cu(199): warning : variable "start_x_d" was declared but never referenced
C:/Users/KETI-Sparrow/Documents/WolfsenLab_Point/MultiNode_Auth/HologramRealTime_MultiNode/Hologram/src/HologramKernel.cu(200): warning : variable "start_y_d" was declared but never referenced
C:/Users/KETI-Sparrow/Documents/WolfsenLab_Point/MultiNode_Auth/HologramRealTime_MultiNode/Hologram/src/HologramKernel.cu(320): warning : variable "p_xyz" was declared but never referenced
C:\Qt\Qt5.6.2\5.6\msvc2015_64\include\QtCore/qobject.h(90): warning : field of class type without a DLL interface used in a class with a DLL interface
C:\Qt\Qt5.6.2\5.6\msvc2015_64\include\QtCore/qobject.h(444): warning : field of class type without a DLL interface used in a class with a DLL interface
C:\Qt\Qt5.6.2\5.6\msvc2015_64\include\QtCore/qdatastream.h(173): warning : field of class type without a DLL interface used in a class with a DLL interface
C:\Qt\Qt5.6.2\5.6\msvc2015_64\include\QtGui/qpainterpath.h(201): warning : field of class type without a DLL interface used in a class with a DLL interface
C:\Qt\Qt5.6.2\5.6\msvc2015_64\include\QtGui/qpainterpath.h(271): warning : field of class type without a DLL interface used in a class with a DLL interface
C:/Users/KETI-Sparrow/Documents/WolfsenLab_Point/MultiNode_Auth/HologramRealTime_MultiNode/Hologram/src/HologramKernel.cu(545): warning : variable "waveLength" was declared but never referenced
c:\program files\nvidia gpu computing toolkit\cuda\v10.0\include\crt\math_functions.h : warning C4819: 현재 코드 페이지(949)에서 표시할 수 없는 문자가 파일에 들어 있습니다. 데이터가 손실되지 않게 하려면 해당 파일을 유니코드 형식으로 저장하십시오.
c:\program files\nvidia gpu computing toolkit\cuda\v10.0\include\crt\math_functions.h(824): warning C4819: 현재 코드 페이지(949)에서 표시할 수 없는 문자가 파일에 들어 있습니다. 데이터가 손실되지 않게 하려면 해당 파일을 유니코드 형식으로 저장하십시오.
c:\program files\nvidia gpu computing toolkit\cuda\v10.0\include\crt\math_functions.h(1759): warning C4819: 현재 코드 페이지(949)에서 표시할 수 없는 문자가 파일에 들어 있습니다. 데이터가 손실되지 않게 하려면 해당 파일을 유니코드 형식으로 저장하십시오.
c:\program files\nvidia gpu computing toolkit\cuda\v10.0\include\crt\math_functions.h(2621): warning C4819: 현재 코드 페이지(949)에서 표시할 수 없는 문자가 파일에 들어 있습니다. 데이터가 손실되지 않게 하려면 해당 파일을 유니코드 형식으로 저장하십시오.
c:\program files\nvidia gpu computing toolkit\cuda\v10.0\include\crt\math_functions.h(3460): warning C4819: 현재 코드 페이지(949)에서 표시할 수 없는 문자가 파일에 들어 있습니다. 데이터가 손실되지 않게 하려면 해당 파일을 유니코드 형식으로 저장하십시오.
c:\program files\nvidia gpu computing toolkit\cuda\v10.0\include\crt\math_functions.h(4403): warning C4819: 현재 코드 페이지(949)에서 표시할 수 없는 문자가 파일에 들어 있습니다. 데이터가 손실되지 않게 하려면 해당 파일을 유니코드 형식으로 저장하십시오.
c:\program files\nvidia gpu computing toolkit\cuda\v10.0\include\crt\math_functions.h(5301): warning C4819: 현재 코드 페이지(949)에서 표시할 수 없는 문자가 파일에 들어 있습니다. 데이터가 손실되지 않게 하려면 해당 파일을 유니코드 형식으로 저장하십시오.
c:\program files\nvidia gpu computing toolkit\cuda\v10.0\include\crt\math_functions.h(6212): warning C4819: 현재 코드 페이지(949)에서 표시할 수 없는 문자가 파일에 들어 있습니다. 데이터가 손실되지 않게 하려면 해당 파일을 유니코드 형식으로 저장하십시오.
c:\program files\nvidia gpu computing toolkit\cuda\v10.0\include\crt\math_functions.h(7093): warning C4819: 현재 코드 페이지(949)에서 표시할 수 없는 문자가 파일에 들어 있습니다. 데이터가 손실되지 않게 하려면 해당 파일을 유니코드 형식으로 저장하십시오.
c:\program files\nvidia gpu computing toolkit\cuda\v10.0\include\crt\math_functions.h(7892): warning C4819: 현재 코드 페이지(949)에서 표시할 수 없는 문자가 파일에 들어 있습니다. 데이터가 손실되지 않게 하려면 해당 파일을 유니코드 형식으로 저장하십시오.
c:\program files\nvidia gpu computing toolkit\cuda\v10.0\include\crt/device_functions.h : warning C4819: 현재 코드 페이지(949)에서 표시할 수 없는 문자가 파일에 들어 있습니다. 데이터가 손실되지 않게 하려면 해당 파일을 유니코드 형식으로 저장하십시오.
c:\program files\nvidia gpu computing toolkit\cuda\v10.0\include\crt/device_functions.h(772): warning C4819: 현재 코드 페이지(949)에서 표시할 수 없는 문자가 파일에 들어 있습니다. 데이터가 손실되지 않게 하려면 해당 파일을 유니코드 형식으로 저장하십시오.
c:\program files\nvidia gpu computing toolkit\cuda\v10.0\include\crt/device_functions.h(1628): warning C4819: 현재 코드 페이지(949)에서 표시할 수 없는 문자가 파일에 들어 있습니다. 데이터가 손실되지 않게 하려면 해당 파일을 유니코드 형식으로 저장하십시오.
c:\program files\nvidia gpu computing toolkit\cuda\v10.0\include\crt\device_double_functions.h : warning C4819: 현재 코드 페이지(949)에서 표시할 수 없는 문자가 파일에 들어 있습니다. 데이터가 손실되지 않게 하려면 해당 파일을 유니코드 형식으로 저장하십시오.
c:\program files\nvidia gpu computing toolkit\cuda\v10.0\include\sm_20_intrinsics.h : warning C4819: 현재 코드 페이지(949)에서 표시할 수 없는 문자가 파일에 들어 있습니다. 데이터가 손실되지 않게 하려면 해당 파일을 유니코드 형식으로 저장하십시오.
c:\program files\nvidia gpu computing toolkit\cuda\v10.0\include\sm_20_intrinsics.h(925): warning C4819: 현재 코드 페이지(949)에서 표시할 수 없는 문자가 파일에 들어 있습니다. 데이터가 손실되지 않게 하려면 해당 파일을 유니코드 형식으로 저장하십시오.
c:\program files\nvidia gpu computing toolkit\cuda\v10.0\include\crt/device_functions.h : warning C4819: 현재 코드 페이지(949)에서 표시할 수 없는 문자가 파일에 들어 있습니다. 데이터가 손실되지 않게 하려면 해당 파일을 유니코드 형식으로 저장하십시오.
c:\program files\nvidia gpu computing toolkit\cuda\v10.0\include\crt/device_functions.h(772): warning C4819: 현재 코드 페이지(949)에서 표시할 수 없는 문자가 파일에 들어 있습니다. 데이터가 손실되지 않게 하려면 해당 파일을 유니코드 형식으로 저장하십시오.
c:\program files\nvidia gpu computing toolkit\cuda\v10.0\include\crt/device_functions.h(1628): warning C4819: 현재 코드 페이지(949)에서 표시할 수 없는 문자가 파일에 들어 있습니다. 데이터가 손실되지 않게 하려면 해당 파일을 유니코드 형식으로 저장하십시오.
C:\Qt\Qt5.6.2\5.6\msvc2015_64\include\QtCore/qlogging.h(131): warning : field of class type without a DLL interface used in a class with a DLL interface
c:\qt\qt5.6.2\5.6\msvc2015_64\include\qtcore\qstring.h(957): warning : statement is unreachable
C:\Qt\Qt5.6.2\5.6\msvc2015_64\include\QtCore/qobject.h(90): warning : field of class type without a DLL interface used in a class with a DLL interface
C:\Qt\Qt5.6.2\5.6\msvc2015_64\include\QtCore/qobject.h(444): warning : field of class type without a DLL interface used in a class with a DLL interface
C:\Qt\Qt5.6.2\5.6\msvc2015_64\include\QtCore/qdatastream.h(173): warning : field of class type without a DLL interface used in a class with a DLL interface
C:\Qt\Qt5.6.2\5.6\msvc2015_64\include\QtGui/qpainterpath.h(201): warning : field of class type without a DLL interface used in a class with a DLL interface
C:\Qt\Qt5.6.2\5.6\msvc2015_64\include\QtGui/qpainterpath.h(271): warning : field of class type without a DLL interface used in a class with a DLL interface
  HologramKernel.cu
  device_functions.h is an internal header file and must not be used directly.  This file will be removed in a future CUDA release.  Please use cuda_runtime_api.h or cuda_runtime.h instead.
C:/Users/KETI-Sparrow/Documents/WolfsenLab_Point/MultiNode_Auth/HologramRealTime_MultiNode/Hologram/src/HologramKernel.cu(604): warning C4305: '인수': 'const double'에서 'float'(으)로 잘립니다.
C:/Users/KETI-Sparrow/Documents/WolfsenLab_Point/MultiNode_Auth/HologramRealTime_MultiNode/Hologram/src/HologramKernel.cu(627): warning C4305: '인수': 'const double'에서 'float'(으)로 잘립니다.
c:\program files\nvidia gpu computing toolkit\cuda\v10.0\include\crt\math_functions.h : warning C4819: 현재 코드 페이지(949)에서 표시할 수 없는 문자가 파일에 들어 있습니다. 데이터가 손실되지 않게 하려면 해당 파일을 유니코드 형식으로 저장하십시오.
c:\program files\nvidia gpu computing toolkit\cuda\v10.0\include\crt\math_functions.h(824): warning C4819: 현재 코드 페이지(949)에서 표시할 수 없는 문자가 파일에 들어 있습니다. 데이터가 손실되지 않게 하려면 해당 파일을 유니코드 형식으로 저장하십시오.
c:\program files\nvidia gpu computing toolkit\cuda\v10.0\include\crt\math_functions.h(1759): warning C4819: 현재 코드 페이지(949)에서 표시할 수 없는 문자가 파일에 들어 있습니다. 데이터가 손실되지 않게 하려면 해당 파일을 유니코드 형식으로 저장하십시오.
c:\program files\nvidia gpu computing toolkit\cuda\v10.0\include\crt\math_functions.h(2621): warning C4819: 현재 코드 페이지(949)에서 표시할 수 없는 문자가 파일에 들어 있습니다. 데이터가 손실되지 않게 하려면 해당 파일을 유니코드 형식으로 저장하십시오.
c:\program files\nvidia gpu computing toolkit\cuda\v10.0\include\crt\math_functions.h(3461): warning C4819: 현재 코드 페이지(949)에서 표시할 수 없는 문자가 파일에 들어 있습니다. 데이터가 손실되지 않게 하려면 해당 파일을 유니코드 형식으로 저장하십시오.
c:\program files\nvidia gpu computing toolkit\cuda\v10.0\include\crt\math_functions.h(4403): warning C4819: 현재 코드 페이지(949)에서 표시할 수 없는 문자가 파일에 들어 있습니다. 데이터가 손실되지 않게 하려면 해당 파일을 유니코드 형식으로 저장하십시오.
c:\program files\nvidia gpu computing toolkit\cuda\v10.0\include\crt\math_functions.h(5301): warning C4819: 현재 코드 페이지(949)에서 표시할 수 없는 문자가 파일에 들어 있습니다. 데이터가 손실되지 않게 하려면 해당 파일을 유니코드 형식으로 저장하십시오.
c:\program files\nvidia gpu computing toolkit\cuda\v10.0\include\crt\math_functions.h(6212): warning C4819: 현재 코드 페이지(949)에서 표시할 수 없는 문자가 파일에 들어 있습니다. 데이터가 손실되지 않게 하려면 해당 파일을 유니코드 형식으로 저장하십시오.
c:\program files\nvidia gpu computing toolkit\cuda\v10.0\include\crt\math_functions.h(7093): warning C4819: 현재 코드 페이지(949)에서 표시할 수 없는 문자가 파일에 들어 있습니다. 데이터가 손실되지 않게 하려면 해당 파일을 유니코드 형식으로 저장하십시오.
c:\program files\nvidia gpu computing toolkit\cuda\v10.0\include\crt\math_functions.h(7892): warning C4819: 현재 코드 페이지(949)에서 표시할 수 없는 문자가 파일에 들어 있습니다. 데이터가 손실되지 않게 하려면 해당 파일을 유니코드 형식으로 저장하십시오.
  GTensor.cpp
  HologramGenerator.cpp
c:\users\keti-sparrow\documents\wolfsenlab_point\multinode_auth\hologramrealtime_multinode\hologram\bitmap.h(63): warning C4267: '초기화 중': 'size_t'에서 'int'(으)로 변환하면서 데이터가 손실될 수 있습니다.
c:\users\keti-sparrow\documents\wolfsenlab_point\multinode_auth\hologramrealtime_multinode\hologram\bitmap.h(65): warning C4996: 'sprintf': This function or variable may be unsafe. Consider using sprintf_s instead. To disable deprecation, use _CRT_SECURE_NO_WARNINGS. See online help for details.
  c:\program files (x86)\windows kits\10\include\10.0.17763.0\ucrt\stdio.h(1774): note: 'sprintf' 선언을 참조하십시오.
c:\users\keti-sparrow\documents\wolfsenlab_point\multinode_auth\hologramrealtime_multinode\hologram\bitmap.h(69): warning C4996: 'sprintf': This function or variable may be unsafe. Consider using sprintf_s instead. To disable deprecation, use _CRT_SECURE_NO_WARNINGS. See online help for details.
  c:\program files (x86)\windows kits\10\include\10.0.17763.0\ucrt\stdio.h(1774): note: 'sprintf' 선언을 참조하십시오.
c:\users\keti-sparrow\documents\wolfsenlab_point\multinode_auth\hologramrealtime_multinode\hologram\bitmap.h(71): warning C4996: 'sprintf': This function or variable may be unsafe. Consider using sprintf_s instead. To disable deprecation, use _CRT_SECURE_NO_WARNINGS. See online help for details.
  c:\program files (x86)\windows kits\10\include\10.0.17763.0\ucrt\stdio.h(1774): note: 'sprintf' 선언을 참조하십시오.
c:\users\keti-sparrow\documents\wolfsenlab_point\multinode_auth\hologramrealtime_multinode\hologram\bitmap.h(75): warning C4996: 'fopen': This function or variable may be unsafe. Consider using fopen_s instead. To disable deprecation, use _CRT_SECURE_NO_WARNINGS. See online help for details.
  c:\program files (x86)\windows kits\10\include\10.0.17763.0\ucrt\stdio.h(208): note: 'fopen' 선언을 참조하십시오.
c:\users\keti-sparrow\documents\wolfsenlab_point\multinode_auth\hologramrealtime_multinode\hologram\bitmap.h(125): warning C4996: 'sprintf': This function or variable may be unsafe. Consider using sprintf_s instead. To disable deprecation, use _CRT_SECURE_NO_WARNINGS. See online help for details.
  c:\program files (x86)\windows kits\10\include\10.0.17763.0\ucrt\stdio.h(1774): note: 'sprintf' 선언을 참조하십시오.
c:\users\keti-sparrow\documents\wolfsenlab_point\multinode_auth\hologramrealtime_multinode\hologram\bitmap.h(126): warning C4996: 'fopen': This function or variable may be unsafe. Consider using fopen_s instead. To disable deprecation, use _CRT_SECURE_NO_WARNINGS. See online help for details.
  c:\program files (x86)\windows kits\10\include\10.0.17763.0\ucrt\stdio.h(208): note: 'fopen' 선언을 참조하십시오.
c:\users\keti-sparrow\documents\wolfsenlab_point\multinode_auth\hologramrealtime_multinode\hologram\bitmap.h(152): warning C4267: '초기화 중': 'size_t'에서 'int'(으)로 변환하면서 데이터가 손실될 수 있습니다.
c:\users\keti-sparrow\documents\wolfsenlab_point\multinode_auth\hologramrealtime_multinode\hologram\bitmap.h(196): warning C4018: '<': signed 또는 unsigned가 일치하지 않습니다.
c:\users\keti-sparrow\documents\wolfsenlab_point\multinode_auth\hologramrealtime_multinode\hologram\bitmap.h(154): warning C4996: 'sprintf': This function or variable may be unsafe. Consider using sprintf_s instead. To disable deprecation, use _CRT_SECURE_NO_WARNINGS. See online help for details.
  c:\program files (x86)\windows kits\10\include\10.0.17763.0\ucrt\stdio.h(1774): note: 'sprintf' 선언을 참조하십시오.
c:\users\keti-sparrow\documents\wolfsenlab_point\multinode_auth\hologramrealtime_multinode\hologram\bitmap.h(158): warning C4996: 'sprintf': This function or variable may be unsafe. Consider using sprintf_s instead. To disable deprecation, use _CRT_SECURE_NO_WARNINGS. See online help for details.
  c:\program files (x86)\windows kits\10\include\10.0.17763.0\ucrt\stdio.h(1774): note: 'sprintf' 선언을 참조하십시오.
c:\users\keti-sparrow\documents\wolfsenlab_point\multinode_auth\hologramrealtime_multinode\hologram\bitmap.h(160): warning C4996: 'sprintf': This function or variable may be unsafe. Consider using sprintf_s instead. To disable deprecation, use _CRT_SECURE_NO_WARNINGS. See online help for details.
  c:\program files (x86)\windows kits\10\include\10.0.17763.0\ucrt\stdio.h(1774): note: 'sprintf' 선언을 참조하십시오.
c:\users\keti-sparrow\documents\wolfsenlab_point\multinode_auth\hologramrealtime_multinode\hologram\bitmap.h(163): warning C4996: 'fopen': This function or variable may be unsafe. Consider using fopen_s instead. To disable deprecation, use _CRT_SECURE_NO_WARNINGS. See online help for details.
  c:\program files (x86)\windows kits\10\include\10.0.17763.0\ucrt\stdio.h(208): note: 'fopen' 선언을 참조하십시오.
c:\users\keti-sparrow\documents\wolfsenlab_point\multinode_auth\hologramrealtime_multinode\hologram\bitmap.h(211): warning C4101: 'b' :참조되지 않은 지역 변수입니다.
c:\users\keti-sparrow\documents\wolfsenlab_point\multinode_auth\hologramrealtime_multinode\hologram\bitmap.h(211): warning C4101: 'g' :참조되지 않은 지역 변수입니다.
c:\users\keti-sparrow\documents\wolfsenlab_point\multinode_auth\hologramrealtime_multinode\hologram\bitmap.h(211): warning C4101: 'r' :참조되지 않은 지역 변수입니다.
c:\users\keti-sparrow\documents\wolfsenlab_point\multinode_auth\hologramrealtime_multinode\hologram\src\hologramgenerator.cpp(360): warning C4996: 'strcpy': This function or variable may be unsafe. Consider using strcpy_s instead. To disable deprecation, use _CRT_SECURE_NO_WARNINGS. See online help for details.
  c:\program files (x86)\windows kits\10\include\10.0.17763.0\ucrt\string.h(133): note: 'strcpy' 선언을 참조하십시오.
c:\users\keti-sparrow\documents\wolfsenlab_point\multinode_auth\hologramrealtime_multinode\hologram\src\hologramgenerator.cpp(395): warning C4996: 'strcpy': This function or variable may be unsafe. Consider using strcpy_s instead. To disable deprecation, use _CRT_SECURE_NO_WARNINGS. See online help for details.
  c:\program files (x86)\windows kits\10\include\10.0.17763.0\ucrt\string.h(133): note: 'strcpy' 선언을 참조하십시오.
c:\users\keti-sparrow\documents\wolfsenlab_point\multinode_auth\hologramrealtime_multinode\hologram\src\hologramgenerator.cpp(437): warning C4996: 'strcpy': This function or variable may be unsafe. Consider using strcpy_s instead. To disable deprecation, use _CRT_SECURE_NO_WARNINGS. See online help for details.
  c:\program files (x86)\windows kits\10\include\10.0.17763.0\ucrt\string.h(133): note: 'strcpy' 선언을 참조하십시오.
c:\users\keti-sparrow\documents\wolfsenlab_point\multinode_auth\hologramrealtime_multinode\hologram\src\hologramgenerator.cpp(482): warning C4996: 'strcpy': This function or variable may be unsafe. Consider using strcpy_s instead. To disable deprecation, use _CRT_SECURE_NO_WARNINGS. See online help for details.
  c:\program files (x86)\windows kits\10\include\10.0.17763.0\ucrt\string.h(133): note: 'strcpy' 선언을 참조하십시오.
  HologramGenerator_CPU.cpp
  HologramGenerator_GPU.cpp
  코드를 생성하고 있습니다...
c:\users\keti-sparrow\documents\wolfsenlab_point\multinode_auth\hologramrealtime_multinode\hologram\src\hologramgenerator_cpu.cpp(148): warning C4700: 초기화되지 않은 'fftwout' 지역 변수를 사용했습니다.
c:\users\keti-sparrow\documents\wolfsenlab_point\multinode_auth\hologramrealtime_multinode\hologram\src\hologramgenerator_cpu.cpp(148): warning C4700: 초기화되지 않은 'fftwin' 지역 변수를 사용했습니다.
c:\users\keti-sparrow\documents\wolfsenlab_point\multinode_auth\hologramrealtime_multinode\hologram\src\hologramgenerator_cpu.cpp(288): warning C4700: 초기화되지 않은 'out' 지역 변수를 사용했습니다.
c:\users\keti-sparrow\documents\wolfsenlab_point\multinode_auth\hologramrealtime_multinode\hologram\src\hologramgenerator_cpu.cpp(288): warning C4700: 초기화되지 않은 'in' 지역 변수를 사용했습니다.
  Hologram.vcxproj -> C:\Users\KETI-Sparrow\Documents\WolfsenLab_Point\MultiNode_Auth\HologramRealTime_MultiNode\HologramInteractive\..\lib\Hologram.lib
  C:\Program Files\NVIDIA GPU Computing Toolkit\CUDA\v10.0\bin\cudart32_100.dll
  C:\Program Files\NVIDIA GPU Computing Toolkit\CUDA\v10.0\bin\cudart64_100.dll
          2개 파일이 복사되었습니다.
