c:\users\keti-sparrow\documents\wolfsenlab_point\multinode3\hologramrealtime_multinode\holo_server\build\x64\release\main.obj
c:\users\keti-sparrow\documents\wolfsenlab_point\multinode3\hologramrealtime_multinode\holo_server\build\x64\release\clientsocket.obj
c:\users\keti-sparrow\documents\wolfsenlab_point\multinode3\hologramrealtime_multinode\holo_server\build\x64\release\renderwidget.obj
c:\users\keti-sparrow\documents\wolfsenlab_point\multinode3\hologramrealtime_multinode\holo_server\build\x64\release\hologram_server.obj
c:\users\keti-sparrow\documents\wolfsenlab_point\multinode3\hologramrealtime_multinode\holo_server\build\x64\release\moc_clientsocket.obj
c:\users\keti-sparrow\documents\wolfsenlab_point\multinode3\hologramrealtime_multinode\holo_server\build\x64\release\moc_hologram_server.obj
c:\users\keti-sparrow\documents\wolfsenlab_point\multinode3\hologramrealtime_multinode\holo_server\build\x64\release\moc_renderwidget.obj
c:\users\keti-sparrow\documents\wolfsenlab_point\multinode3\hologramrealtime_multinode\holo_server\build\generatedfiles\release\moc_hologram_server.cpp
c:\users\keti-sparrow\documents\wolfsenlab_point\multinode3\hologramrealtime_multinode\holo_server\build\generatedfiles\release\moc_renderwidget.cpp
c:\users\keti-sparrow\documents\wolfsenlab_point\multinode3\hologramrealtime_multinode\holo_server\build\generatedfiles\release\moc_clientsocket.cpp
c:\users\keti-sparrow\documents\wolfsenlab_point\multinode3\hologramrealtime_multinode\holo_server\build\.\generatedfiles\release\moc_hologram_server.cpp
c:\users\keti-sparrow\documents\wolfsenlab_point\multinode3\hologramrealtime_multinode\holo_server\build\.\generatedfiles\release\moc_renderwidget.cpp
c:\users\keti-sparrow\documents\wolfsenlab_point\multinode3\hologramrealtime_multinode\holo_server\build\.\generatedfiles\release\moc_clientsocket.cpp
c:\users\keti-sparrow\documents\wolfsenlab_point\multinode3\hologramrealtime_multinode\holograminteractive\\..\bin\holo_server.pdb
c:\users\keti-sparrow\documents\wolfsenlab_point\multinode3\hologramrealtime_multinode\holo_server\build\x64\release\holo_server.tlog\cl.11968.write.1.tlog
c:\users\keti-sparrow\documents\wolfsenlab_point\multinode3\hologramrealtime_multinode\holo_server\build\x64\release\holo_server.tlog\cl.command.1.tlog
c:\users\keti-sparrow\documents\wolfsenlab_point\multinode3\hologramrealtime_multinode\holo_server\build\x64\release\holo_server.tlog\cl.read.1.tlog
c:\users\keti-sparrow\documents\wolfsenlab_point\multinode3\hologramrealtime_multinode\holo_server\build\x64\release\holo_server.tlog\holo_server.write.1u.tlog
c:\users\keti-sparrow\documents\wolfsenlab_point\multinode3\hologramrealtime_multinode\holo_server\build\x64\release\holo_server.tlog\link-cvtres.read.1.tlog
c:\users\keti-sparrow\documents\wolfsenlab_point\multinode3\hologramrealtime_multinode\holo_server\build\x64\release\holo_server.tlog\link-cvtres.write.1.tlog
c:\users\keti-sparrow\documents\wolfsenlab_point\multinode3\hologramrealtime_multinode\holo_server\build\x64\release\holo_server.tlog\link-rc.read.1.tlog
c:\users\keti-sparrow\documents\wolfsenlab_point\multinode3\hologramrealtime_multinode\holo_server\build\x64\release\holo_server.tlog\link-rc.write.1.tlog
c:\users\keti-sparrow\documents\wolfsenlab_point\multinode3\hologramrealtime_multinode\holo_server\build\x64\release\holo_server.tlog\link.command.1.tlog
c:\users\keti-sparrow\documents\wolfsenlab_point\multinode3\hologramrealtime_multinode\holo_server\build\x64\release\holo_server.tlog\link.read.1.tlog
c:\users\keti-sparrow\documents\wolfsenlab_point\multinode3\hologramrealtime_multinode\holo_server\build\x64\release\holo_server.tlog\link.write.1.tlog
c:\users\keti-sparrow\documents\wolfsenlab_point\multinode3\hologramrealtime_multinode\holo_server\build\x64\release\holo_server.tlog\moc.read.1u.tlog
c:\users\keti-sparrow\documents\wolfsenlab_point\multinode3\hologramrealtime_multinode\holo_server\build\x64\release\holo_server.tlog\moc.write.1u.tlog
